
            Assura (tm) Physical Verification Version av4.1:Production:dfII6.1.4-64b:IC6.1.4-64b.500.5
            Release 4.1_USR1_HF14

Copyright (c) Cadence Design Systems. All rights reserved.
@(#)$CDS: assura_64 version av4.1:Production:dfII6.1.4-64b:IC6.1.4-64b.500.5 10/14/2010 07:13 (sjfql246) $
sub-version 4.1_USR1_HF14, integ signature 2010-10-14-0644

run on rh002 from /opt/local/cadence/ASSURA41-614/tools.lnx86/assura/bin/64bit/assura on Mon Dec  5 13:48:58 2016


Starting /opt/local/cadence/ASSURA41-614//tools/assura/bin/aveng /rcc4/homes/brown.4414/cadence/ECE5021/Final_Project_5020/lvs.rsf -exec1 -LVS -cdslib /rcc4/homes/brown.4414/cadence/ECE5021/cds.lib
@(#)$CDS: aveng_64 version av4.1:Production:dfII6.1.4-64b:IC6.1.4-64b.500.5 10/14/2010 07:13 (sjfql246) $
sub-version 4.1_USR1_HF14, integ signature 2010-10-14-0644

run on rh002 from /opt/local/cadence/ASSURA41-614/tools.lnx86/assura/bin/64bit/aveng on Mon Dec  5 13:48:59 2016

 Summary Report: lvs.sum
 RSF           : /rcc4/homes/brown.4414/cadence/ECE5021/Final_Project_5020/lvs.rsf
 Library Name  : Final_Project_5020
 CDSLIB Path   : "/rcc4/homes/brown.4414/cadence/ECE5021/cds.lib"
 Cell Name     : resistorSchematic
 View Name     : layout
 Rules File    : /opt/local/cadence/design_kits/IBM/IBM_CMOS/IBM_PDK/cmrf7sf/V2.0.1.0AM/Assura/LVS/extract7.rul
 Options       : -exec1 -LVS -cdslib /rcc4/homes/brown.4414/cadence/ECE5021/cds.lib 
 Work Directory: /rcc4/homes/brown.4414/cadence/ECE5021/Final_Project_5020
 Operating Mode: Legacy Mode is Off


Starting dfIIToVdb...
Virtuoso Framework License (111) was checked out successfully. Total checkout time was 0.06s.
@(#)$CDS: dfIIToVdb_64 version av4.1:Production:dfII6.1.4-64b:IC6.1.4-64b.500.5 10/14/2010 07:15 (sjfql246) $
sub-version 4.1_USR1_HF14, integ signature 2010-10-14-0644

run on rh002 from /opt/local/cadence/ASSURA41-614/tools.lnx86/assura/bin/64bit/dfIIToVdb on Mon Dec  5 13:49:01 2016

 
Loading IBM PDK cmrf7sf procedures... 
IBM PDK cmrf7sf Device Status Table loaded. 
 
*Error* eval: undefined function - hiGraphicMode
<<< Stack Trace >>>
hiGraphicMode()
(getd('dbGetDatabaseType) && (dbGetDatabaseType() == "OpenAccess") && (hiGraphicMode))
...
Compiling rules...

WARNING LVS Run detected.
Non-legacy mode has been disabled for this LVS run
Checking out license for Assura_LVS 4.10 
Checking out license for Assura_DRC 4.10 

Reading the design data...



Finished dfIIToVdb.

Building the VDB part 2 in background mode.

Building tables for LVS Preprocessing in background mode.


Starting /opt/local/cadence/ASSURA41-614/tools/assura/bin/vdbToCells /rcc4/homes/brown.4414/cadence/ECE5021/Final_Project_5020 lvs

Finished /opt/local/cadence/ASSURA41-614/tools/assura/bin/vdbToCells

Starting Nvn PreExtraction...

Starting /opt/local/cadence/ASSURA41-614/tools/assura/bin/nvn /rcc4/homes/brown.4414/cadence/ECE5021/Final_Project_5020/lvs.rsf -preExtract -exec1 -cdslib /rcc4/homes/brown.4414/cadence/ECE5021/cds.lib
@(#)$CDS: nvn_64 version av4.1:Production:dfII6.1.4-64b:IC6.1.4-64b.500.5 10/14/2010 07:16 (sjfql246) $
sub-version 4.1_USR1_HF14, integ signature 2010-10-14-0644
run on rh002 at Mon Dec  5 13:49:06 2016
*ERROR* could not open output file '/rcc4/homes/brown.4414/cadence/ECE5021/Final_Project_5020/lvs.lvsdb/status'.
Run terminated.

*WARNING* /opt/local/cadence/ASSURA41-614/tools/assura/bin/nvn exit with bad status

Finished /opt/local/cadence/ASSURA41-614/tools/assura/bin/nvn
*WARNING* Status 256
*WARNING* Assura execution terminated

*WARNING* An error occurred during Nvn PreExtraction.
LVS preprocessing requires a successful run of Nvn.
Assura will now terminate.

*WARNING* Bad exit from child process .. 0x100


*****  aveng terminated abnormally  *****


*WARNING* aveng exit with bad status


*****  aveng fork terminated abnormally  *****

*WARNING* Status 256
*WARNING* Assura execution terminated
