

  Cadence Extraction QRC - 64-bit Parasitic Extractor - Version 9.1.4-p008
Thu Nov  4 23:37:30 PDT 2010
----------------------------------------------------------------------------------------------------------
                               Copyright 2010 Cadence Design Systems, Inc.



INFO (EXTQRCXOPT-249) : For Assura inputs, if the "output_setup -directory_name" option was not
specified, it is automatically set to the input directory.
INFO (LBRCXM-624): No temperature processing will occur for the layer K1, because this layerhas no Tc1 and Tc2.

INFO (LBRCXM-624): No temperature processing will occur for the layer QT, because this layerhas no Tc1 and Tc2.

INFO (LBRCXM-624): No temperature processing will occur for the layer HT, because this layerhas no Tc1 and Tc2.

INFO (LBRCXU-108): Starting

 /opt/local/cadence/ASSURA41-614/tools/assura/bin/avRCXxref /rcc4/homes/brown.4414/cadence/ECE5021/Final_Project_5020/lvs/__qrc.rcx_cmd -useRunName
@(#)$CDS: avRCXxref_64 version av4.1:Production:dfII6.1.4-64b:IC6.1.4-64b.500.5 10/14/2010 07:13 (sjfql246) $
sub-version 4.1_USR1_HF14, integ signature 2010-10-14-0644
run on rh019 at Tue Nov 22 15:56:18 2016
Reading rsf
INFO (LBRCXU-114): Finished /opt/local/cadence/ASSURA41-614/tools/assura/bin/avRCXxref

INFO (LBRCXM-630): Starting extraction...

WARNING (RCXSPIC-28051): Substrate stamping disabled for X-DSPF/SPEF.

Forking:  /opt/local/cadence/EXT91/tools.lnx86/extraction/bin/64bit//capgen -substrate_stamping_off -techdir /opt/local/cadence/design_kits/IBM/IBM_CMOS/IBM_PDK/cmrf7sf/V2.0.1.0AM/Assura/QRC/7LM -lvs /rcc4/homes/brown.4414/cadence/ECE5021/Final_Project_5020/lvs.xcn -p2lvs /opt/local/cadence/design_kits/IBM/IBM_CMOS/IBM_PDK/cmrf7sf/V2.0.1.0AM/Assura/QRC/7LM/qrcTechFile -sw3d -auto_reorder_off -cap_ground_layer sub50 -cap_unit 1 -dsub nw,pwell,sub50,sub1K -encrypt -exclude_gate_res -length_units meters -lexclude PC -p PC,allGate,RX -add_via_effect AM,RX -canonical_res_caps -blocking fet_pc_model,sti,PC -blocking RfDevice_pc_model,sti,RX,PC -blocking RfDevice_m1_model,sti,RX,PC,M1 -blocking RfDevice_m2_model,sti,RX,PC,M1,M2 -blocking jfet_m1_model,sti,M1 -blocking jfet_m2_model,sti,M1,M2 -blocking vlnpn_pc_model,sti,RX,PC -blocking vlnpn_m1_model,sti,RX,PC,M1 -blocking vlnpn_m2_model,sti,RX,PC,M1,M2 -blocking SBD,sti,RX -blocking SBDNW,sti,RX -blocking PSBD,sti,RX -blocking hvr_dev,sti,RX -blocking diffhavar_dev:1.04,sti,RX,M1 -blocking DI_diode:0.94,sti,RX -blocking DI_VPNP,sti,RX -blocking DIPI_diode,sti,RX -blocking mosvar50_dev,sti,RX,PC,M1 -blocking pcap_dev,sti,RX,PC,M1 -blocking p5pcdcap50_dev,sti,RX,PC,M1 -res_blocking p5pcdcap50_dev,m1_resistive -blocking diffmosvar_dev,sti,RX,PC,M1 -blocking mosvar_dev,sti,RX,PC,M1 -blocking ncap_dev:0.24,sti,RX,PC -blocking ncap33_dev:0.24,sti,RX,PC -blocking ncap_rx,sti,RX,PC,M1 -blocking ESD_ndsx,sti,RX -blocking ESD_ndsx_GR,sti,RX -blocking ESD_ndsx_GR_sized,sti,RX -blocking ESD_ndsx_pi,sti,RX -blocking ESD_pdnw_pi,sti,RX -blocking ESD_pdnw_diode,sti,RX -blocking ESD_pdnw_diode_GR,sti,RX -blocking ESD_pdnw_diode_GR_sized,sti,RX -blocking rnw6pc_dev,sti,RX,PC -blocking res6pc_dev_pwell,sti,RX,PC -blocking res6pc_dev_subs,sti,RX,PC -blocking rnw6rr_dev,sti,RX -blocking res6rr_dev_pwell,sti,RX -blocking res6rr_dev_subs,sti,RX -blocking res6rp_dev_pwell,sti,RX,PC -blocking res6rp_dev_subs,sti,RX,PC -blocking res6n_dev_pwell,sti,RX,PC -blocking res6n_dev_subs,sti,RX,PC -blocking res6n_sblk_pwell,sti,RX,PC -blocking res6n_sblk_subs,sti,RX,PC -blocking rnw6rp_dev,sti,RX,PC -blocking res6p_dev,sti,RX,PC -blocking res6p_sblk,sti,RX,PC -blocking k1_dev_bb,sti,M2 -blocking k1_dev_sx_subs,sti,M2 -blocking k1_dev_sx_pwell,sti,M2 -blocking vncap_m1_model,M1 -blocking vncap_m2_model,M2 -blocking vncap_m2m1_model,M1,M2 -blocking vncap_m3_model,M3 -blocking vncap_m3m2_model,M2,M3 -blocking vncap_m3m1_model,M1,M2,M3 -blocking vncap_m4_model,M4 -blocking vncap_m4m3_model,M3,M4 -blocking vncap_m4m2_model,M2,M3,M4 -blocking vncap_m4m1_model,M1,M2,M3,M4 -blocking vncap_m5_model,M5 -blocking vncap_m5m4_model,M4,M5 -blocking vncap_m5m3_model,M3,M4,M5 -blocking vncap_m5m2_model,M2,M3,M4,M5 -blocking vncap_m5m1_model,M1,M2,M3,M4,M5 -blocking vncap_mt_model,MT -blocking vncap_mtm5_model,M5,MT -blocking vncap_mtm4_model,M4,M5,MT -blocking vncap_mtm3_model,M3,M4,M5,MT -blocking vncap_mtm2_model,M2,M3,M4,M5,MT -blocking vncap_mtm1_model,M1,M2,M3,M4,M5,MT -blocking MIMsx:2.0,MT,QT,AM -blocking MIMnw:2.0,MT,QT,AM -blocking MIMpi:2.0,MT,QT,AM -blocking MIMhdsx:2.0,MT,QT,AM -blocking MIMhdnw:2.0,MT,QT,AM -blocking MIMhdpi:2.0,MT,QT,AM -blocking MIMHKsx:2.0,MT,QT,AM -blocking MIMHKnw:2.0,MT,QT,AM -blocking MIMHKpi:2.0,MT,QT,AM -blocking MIMHKpc:2.0,MT,QT,AM -blocking DUALMIMsx:7.24,MT,QT,HT,AM -blocking DUALMIMnw:7.24,MT,QT,HT,AM -blocking DUALMIMpi:7.24,MT,QT,HT,AM -blocking DUALMIMhdsx:7.24,MT,QT,HT,AM -blocking DUALMIMhdnw:7.24,MT,QT,HT,AM -blocking DUALMIMhdpi:7.24,MT,QT,HT,AM -blocking coupledA_shieldT:0.02,MT,AM -blocking coupledA_shield5:0.02,M5,MT,AM -blocking coupledA_shield4:0.02,M4,M5,MT,AM -blocking coupledA_shield3:0.02,M3,M4,M5,MT,AM -blocking coupledA_shield2:0.02,M2,M3,M4,M5,MT,AM -blocking coupledA_shield1:0.02,M1,M2,M3,M4,M5,MT,AM -res_blocking coupledA_shieldT:0.02,am -res_blocking coupledA_shield5:0.02,am -res_blocking coupledA_shield4:0.02,am -res_blocking coupledA_shield3:0.02,am -res_blocking coupledA_shield2:0.02,am -res_blocking coupledA_shield1:0.02,am -blocking coupledT_shield1:0.02,MINFO (LBMISC-215205): 
*** Cadence Extraction QRC Techgen -trans VERSION 9.1 Linux 32 bit - (Thu Nov  4 23:32:09 PDT 2010)  ***


INFO (CAPGEN-41199): 


Techgen -trans results will be written to directory: /rcc4/homes/brown.4414/cadence/ECE5021/Final_Project_5020/lvs

WARNING (RCXSPIC-27103): Text attached to nonresistive layer 'pc_model' may cause connectivity errors. Please check the rule deck.

WARNING (RCXSPIC-28081): no via between lyrs 'AM' & 'RX'; Via effect ignored. Remove the 2 layers for -add_via_effect

WARNING (RCXSPIC-28081): no via between lyrs 'AM' & 'RX'; Via effect ignored. Remove the 2 layers for -add_via_effect

WARNING (RCXSPIC-28081): no via between lyrs 'AM' & 'RX'; Via effect ignored. Remove the 2 layers for -add_via_effect

WARNING (RCXSPIC-28081): no via between lyrs 'AM' & 'RX'; Via effect ignored. Remove the 2 layers for -add_via_effect

WARNING (RCXSPIC-28081): no via between lyrs 'AM' & 'RX'; Via effect ignored. Remove the 2 layers for -add_via_effect

WARNING (RCXSPIC-28081): no via between lyrs 'AM' & 'RX'; Via effect ignored. Remove the 2 layers for -add_via_effect

WARNING (RCXSPIC-28081): no via between lyrs 'AM' & 'RX'; Via effect ignored. Remove the 2 layers for -add_via_effect

WARNING (RCXSPIC-28081): no via between lyrs 'AM' & 'RX'; Via effect ignored. Remove the 2 layers for -add_via_effect

WARNING (RCXSPIC-28081): no via between lyrs 'AM' & 'RX'; Via effect ignored. Remove the 2 layers for -add_via_effect

WARNING (RCXSPIC-28081): no via between lyrs 'AM' & 'RX'; Via effect ignored. Remove the 2 layers for -add_via_effect

1,M2,M3,M4,M5,MT -blocking coupledT_shield2:0.02,M2,M3,M4,M5,MT -blocking coupledT_shield3:0.02,M3,M4,M5,MT -blocking coupledT_shield4:0.02,M4,M5,MT -blocking coupledT_shield5:0.02,M5,MT -blocking coupled5_shield1:0.02,M1,M2,M3,M4,M5 -blocking coupled5_shield2:0.02,M2,M3,M4,M5 -blocking coupled5_shield3:0.02,M3,M4,M5 -blocking coupled5_shield4:0.02,M4,M5 -blocking coupled4_shield1:0.02,M1,M2,M3,M4 -blocking coupled4_shield2:0.02,M2,M3,M4 -blocking coupled4_shield3:0.02,M3,M4 -blocking coupled3_shield1:0.02,M1,M2,M3 -blocking coupled3_shield2:0.02,M2,M3 -blocking coupled2_shield1:0.02,M1,M2 -blocking singleEndA_shieldT:0.02,MT,AM -blocking singleEndA_shield5:0.02,M5,MT,AM -blocking singleEndA_shield4:0.02,M4,M5,MT,AM -blocking singleEndA_shield3:0.02,M3,M4,M5,MT,AM -blocking singleEndA_shield2:0.02,M2,M3,M4,M5,MT,AM -blocking singleEndA_shield1:0.02,M1,M2,M3,M4,M5,MT,AM -res_blocking singleEndA_shieldT:0.02,am -res_blocking singleEndA_shield5:0.02,am -res_blocking singleEndA_shield4:0.02,am -res_blocking singleEndA_shield3:0.02,am -res_blocking singleEndA_shield2:0.02,am -res_blocking singleEndA_shield1:0.02,am -blocking singleEndT_shield1:0.02,M1,M2,M3,M4,M5,MT -blocking singleEndT_shield2:0.02,M2,M3,M4,M5,MT -blocking singleEndT_shield3:0.02,M3,M4,M5,MT -blocking singleEndT_shield4:0.02,M4,M5,MT -blocking singleEndT_shield5:0.02,M5,MT -blocking singleEnd5_shield1:0.02,M1,M2,M3,M4,M5 -blocking singleEnd5_shield2:0.02,M2,M3,M4,M5 -blocking singleEnd5_shield3:0.02,M3,M4,M5 -blocking singleEnd5_shield4:0.02,M4,M5 -blocking singleEnd4_shield1:0.02,M1,M2,M3,M4 -blocking singleEnd4_shield2:0.02,M2,M3,M4 -blocking singleEnd4_shield3:0.02,M3,M4 -blocking singleEnd3_shield1:0.02,M1,M2,M3 -blocking singleEnd3_shield2:0.02,M2,M3 -blocking singleEnd2_shield1:0.02,M1,M2 -blocking am_transmission,sti,AM -blocking symind3_amam_m1,sti,M1,MT,AM -blocking symind2_amam_m1,sti,M1,MT,AM -blocking ind2_mtam_m1,sti,M1,MT,AM -res_blocking symind3_amam_m1,mt_resistive,am -res_blocking symind2_amam_m1,mt_resistive,am -res_blocking ind2_mtam_m1,mt_resistive,am -blocking symind3_amam_bb,sti,MT,AM -blocking symind2_amam_bb,sti,MT,AM -blocking ind2_mtam_bb,sti,MT,AM -res_blocking symind3_amam_bb,mt_resistive,am -res_blocking symind2_amam_bb,mt_resistive,am -res_blocking ind2_mtam_bb,mt_resistive,am -blocking symind3_amam_hr,sti,MT,AM -blocking symind2_amam_hr,sti,MT,AM -blocking ind2_mtam_hr,sti,MT,AM -blocking bondPad_PC:5.28,sti,PC,AM -res_blocking bondPad_PC:5.28,am -blocking bondPad_BB:5.28,sti,AM -res_blocking bondPad_BB,am -blocking bondPad_HR:5.28,sti,AM -res_blocking bondPad_HR,am /rcc4/homes/brown.4414/cadence/ECE5021/Final_Project_5020/lvs

Successfully created RCX script '/rcc4/homes/brown.4414/cadence/ECE5021/Final_Project_5020/lvs/rcx.sh'
WARNING (LBRCXM-617): Unable to obtain 1 license(s) for Virtuoso_QRC_Extraction_L

WARNING (LBRCXM-617): Unable to obtain 1 license(s) for Encounter_QRC_Extraction_L

INFO (LBRCXM-581): Checked out '1' license(s) for Virtuoso_QRC_Extraction_XL 3.10

INFO (LBRCXM-608): Executing command
   /bin/ksh  /rcc4/homes/brown.4414/cadence/ECE5021/Final_Project_5020/lvs/rcx.sh

##=======================================================
##ADD_EXPLICIT_VIAS=N
##ADD_BULK_TERMINAL=N
##AGDS_FILE=/dev/null
##AGDS_LAYER_MAP_FILE=/dev/null
##HCCI_DEV_PROP_FILE=/dev/null
##AGDS_SPICE_FILE=/dev/null
##AGDS_TEXT_LAYERS=
##ARRAY_VIAS_SPACING=
##ASSURA_RUN_DIR=/rcc4/homes/brown.4414/cadence/ECE5021/Final_Project_5020
##ASSURA_RUN_NAME=lvs
##BLACK_BOX_CELLS=/dev/null
##BREAK_WIDTH=
##CAP_COUPLING_FACTOR=1.0
##CAP_EXTRACT_MODE=decoupled
##CAP_GROUND=SUB
##CAP_MODELS=no
##DANGLINGR=N
##DEVICE_FINGER_DELIMITER='@'
##DF2=N
##DRACULA_RUN_DIR=
##DRACULA_RUN_NAME=
##ENABLESENSITIVITYEXTRACTION=N
##EXCLUDE_FLOAT_LIMIT=
##EXCLUDE_FLOAT_DECOPULING_FACTOR=
##EXCLUDE_FLOATING_NETS=N
##EXCLUDE_NETS_REDUCERC=/dev/null
##EXCLUDE_SELF_CAPS=N
##IGNORE_GATE_DIFFUSION_FRINGING_CAP=Y
##EXTRACT=both
##EXTRACT_MOS_DIFFUSION_AP=N
##EXTRACT_MOS_DIFFUSION_HIGH=
##EXTRACT_MOS_DIFFUSION_RES=N
##FILTER_SIZE=2.0
##FIXED_NETS_FILE=/dev/null
##FMAX=
##FRACTURE_LENGTH_UNITS=MICRONS
##FREQUENCY_FILE=/dev/null
##GROUND_NETS=
##GROUND_NETS_FILE=/dev/null
##HCCI_DEV_PROP=7
##HCCI_INST_PROP=6
##HCCI_NET_PROP=5
##HCCI_RULE_FILE=
##HCCI_RUN_DIR=
##HCCI_RUN_NAME=
##HEADER_FILE=/dev/null
##HIERARCHY_DELIMITER='/'
##HRCX_CELLS_FILE=/dev/null
##IMPORT_GLOBALS=Y
##LADDER_NETWORK=N
##LVS_SOURCE=assura
##M_FACTORR=
##M_FACTORW=N
##MACRO_CELL=Y
##MAX_FRACTURE_LENGTH=infinite
##MAX_SIGNALS=
##MERGE_PARALLEL_R=N
##MINC=
##MINC_BY_PERCENTAGE=
##MINR=0.001
##NET_NAME_SPACE=layout
##NETS_FILE=/dev/null
##OUTPUT=/rcc4/homes/brown.4414/cadence/ECE5021/rc_actual.dspf
##OUTPUT_NET_NAME_SPACE=schematic
##PARASITIC_BLOCKING_DEVICE_CELLS_TYPEgray
##PARASITIC_CAP_MODELS=no
##PARASITIC_RES_MODELS=no
##PARASITIC_RES_LENGTH=N
##PARASITIC_RES_WIDTH=N
##PARASITIC_RES_WIDTH_DRAWN=N
##PARASITIC_RES_UNIT=N
##PARTIAL_CAP_BLOCKING=N
##PEEC=N
##PIN_ORDER_FILE=/dev/null
##PIPE_ADVGEN=
##PIPE_SPICE2DB=
##POWER_NETS=
##POWER_NETS_FILE=/dev/null
##RC_FREQUENCY=
##RCXDIR=/rcc4/homes/brown.4414/cadence/ECE5021/Final_Project_5020/lvs
##RCXFS_HIGH=N
##RCXFS_NETS_FILE=/dev/null
##RCXFS_TYPE=none
##RCXFS_CUTOFF_DISTANCE=
##RCXFS_CUTOFF_DISTANCE=
##RCXFS_CUTOFF_DISTANCE=
##RCXFS_CUTOFF_DISTANCE=
##RCXFS_CUTOFF_DISTANCE=
##RCXFS_VIA_OFF=N
##REDUCERC=N
##REGION_LIMIT=
##RES_MODELS=no
##RISE_TIME=
##SAVE_FILL_SHAPES=N
##SINGLE_CAP_EDSPF=N
##SHOW_DIODES=N
##SKIN_FREQUENCY=
##SPEF=N
##SPEF_UNITS=
##SPLIT_PINS=N
##SPLIT_PINS_DISTANCE=
##SUB_NODE_CHAR='#'
##SUBSTRATE_PROFILE=/dev/null
##SUBSTRATE_STAMPING_OFF=Y
##TEMPDIR=/rcc4/homes/brown.4414/cadence/ECE5021/Final_Project_5020/lvs/rcx_temp
##TEMPERATURE=25.0
##TYPE=full
##USER_REGION=/dev/null
##VARIANT_CELL_FILE=/dev/null
##VIA_EFFECT_OFF=N
##VIRTUAL_FILL=
##XREF=/rcc4/homes/brown.4414/cadence/ECE5021/Final_Project_5020/lvs/lvs.gnx,/rcc4/homes/brown.4414/cadence/ECE5021/Final_Project_5020/lvs/lvs.gdx
##XY_COORDINATES=
##=======================================================

CASE_SENSITIVE=TRUE
export CASE_SENSITIVE
TEMPDIR=`setTempDir /rcc4/homes/brown.4414/cadence/ECE5021/Final_Project_5020/lvs/rcx_temp`
setTempDir /rcc4/homes/brown.4414/cadence/ECE5021/Final_Project_5020/lvs/rcx_temp
export TEMPDIR
DEVICE_FINGER_DELIMITER='@'
HIERARCHY_DELIMITER='/'
cd /rcc4/homes/brown.4414/cadence/ECE5021/Final_Project_5020/lvs
cat <<ENDCAT> caps2dversion
* caps2d version: 10
ENDCAT
cat <<ENDCAT> flattransUnit.info
meters
ENDCAT
QRC=Y
export QRC
cat <<ENDCAT> topcellxcn.info
/rcc4/homes/brown.4414/cadence/ECE5021/Final_Project_5020/lvs.xcn
ENDCAT

#==========================================================#
# Generate RCX input data from Assura LVS database
#==========================================================#

GOALIE2DIR=/opt/local/cadence/EXT91/tools.lnx86/extraction/bin
export GOALIE2DIR
vdbToRcx /rcc4/homes/brown.4414/cadence/ECE5021/Final_Project_5020 lvs -unit \
	meters -- -V1 -H satfile -r \
	/rcc4/homes/brown.4414/cadence/ECE5021/Final_Project_5020/lvs.xcn \
	-xgl
@(#)$CDS: vdbToRcx_64 version av4.1:Production:dfII6.1.4-64b:IC6.1.4-64b.500.5 10/14/2010 07:17 (sjfql246) $
6.2 Linux 64 bit - (Tue Jul 14 10:55:58 PDT 2009)
Opening LVS data for lvs in /rcc4/homes/brown.4414/cadence/ECE5021/Final_Project_5020
Open time is 0.0 sec.
Build pins/attributes took 0.3 sec.
Processing PC_pin_text                           0 shapes 0.0 sec.
Processing RX_pin_text                           0 shapes 0.0 sec.
Processing M1_pin_text                           5 shapes 0.0 sec.
Processing SXCUT_TEXT                            1 shapes 0.0 sec.
create satfile took  0.07 user, 0.01 sys, 0.00 elapsed, 401820.0 kbytes
write edge PC_pin_text took  0.00 user, 0.00 sys, 0.00 elapsed, 402020.0 kbytes
write edge RX_pin_text took  0.00 user, 0.00 sys, 0.00 elapsed, 402020.0 kbytes
write edge M1_pin_text took  0.00 user, 0.00 sys, 0.00 elapsed, 402020.0 kbytes
write edge SXCUT_TEXT took  0.00 user, 0.00 sys, 0.00 elapsed, 402020.0 kbytes
Building net map file.		0.0 sec.
create netmap file took 0.00 user, 0.00 sys, 0.00 elapsed, 402020.0 kbytes
create net file took 0.00 user, 0.00 sys, 0.00 elapsed, 402020.0 kbytes
WARNING (LBCLV-5663): No bipolar models provided. Can't create bipolar files

WARNING (LBCLV-5660): No resistor models provided. Can't create resistor files

WARNING (LBCLV-5654): No capacitor models provided. Can't create capacitor file

Device creation took 0.0 sec
Processing LVgateCon                             6 shapes 0.0 sec.
write edge LVgateCon took  0.01 user, 0.00 sys, 0.00 elapsed, 402020.0 kbytes
Processing pd_via                                4 shapes 0.0 sec.
write edge pd_via took  0.01 user, 0.00 sys, 0.00 elapsed, 402020.0 kbytes
Processing nd_via                                8 shapes 0.0 sec.
write edge nd_via took  0.00 user, 0.00 sys, 0.00 elapsed, 402020.0 kbytes
Processing GateCon                               6 shapes 0.0 sec.
write edge GateCon took  0.00 user, 0.00 sys, 0.00 elapsed, 402152.0 kbytes
write edge nwdiode_dev1_Device_334 took  0.00 user, 0.00 sys, 0.00 elapsed, 402152.0 kbytes
write edge sub_dev_Device_206 took  0.00 user, 0.00 sys, 0.00 elapsed, 402152.0 kbytes
write edge pfet_dev_Device_41 took  0.00 user, 0.01 sys, 0.00 elapsed, 402152.0 kbytes
write edge nfet_dev_Device_20 took  0.00 user, 0.00 sys, 0.00 elapsed, 402152.0 kbytes
Processing nwdiode_dev1_Device_334               1 shapes 0.0 sec.
Processing sub_dev_Device_206                    1 shapes 0.0 sec.
Processing pfet_dev_Device_41                    2 shapes 0.0 sec.
Processing nfet_dev_Device_20                    4 shapes 0.0 sec.
Processing sub50                                 1 shapes 0.0 sec.
write edge sub50 took  0.00 user, 0.00 sys, 0.00 elapsed, 402152.0 kbytes
Processing subs_sti                              1 shapes 0.0 sec.
write edge subs_sti took  0.00 user, 0.00 sys, 0.00 elapsed, 402152.0 kbytes
Processing well                                  1 shapes 0.0 sec.
write edge well took  0.00 user, 0.00 sys, 0.00 elapsed, 402152.0 kbytes
Processing nw                                    1 shapes 0.0 sec.
write edge nw took  0.00 user, 0.00 sys, 0.00 elapsed, 402152.0 kbytes
Processing m3_resistive                          2 shapes 0.0 sec.
write edge m3_resistive took  0.00 user, 0.00 sys, 0.00 elapsed, 402152.0 kbytes
Processing m2_resistive                          5 shapes 0.0 sec.
write edge m2_resistive took  0.00 user, 0.00 sys, 0.00 elapsed, 402152.0 kbytes
Processing m1_resistive                         11 shapes 0.0 sec.
write edge m1_resistive took  0.00 user, 0.00 sys, 0.00 elapsed, 402152.0 kbytes
Processing pc_resistive                          5 shapes 0.0 sec.
write edge pc_resistive took  0.01 user, 0.00 sys, 0.00 elapsed, 402152.0 kbytes
Processing pc_model                              6 shapes 0.0 sec.
write edge pc_model took  0.00 user, 0.00 sys, 0.00 elapsed, 402152.0 kbytes
write edge jfet_m2_model took  0.00 user, 0.00 sys, 0.00 elapsed, 402152.0 kbytes
write edge jfet_m1_model took  0.00 user, 0.00 sys, 0.00 elapsed, 402152.0 kbytes
write edge vlnpn_m2_model took  0.00 user, 0.00 sys, 0.00 elapsed, 402152.0 kbytes
write edge vlnpn_m1_model took  0.00 user, 0.00 sys, 1.00 elapsed, 402152.0 kbytes
write edge vlnpn_pc_model took  0.00 user, 0.00 sys, 0.00 elapsed, 402152.0 kbytes
write edge RfDevice_m2_model took  0.00 user, 0.00 sys, 0.00 elapsed, 402152.0 kbytes
write edge RfDevice_m1_model took  0.00 user, 0.00 sys, 0.00 elapsed, 402152.0 kbytes
write edge RfDevice_pc_model took  0.00 user, 0.00 sys, 0.00 elapsed, 402152.0 kbytes
write edge vncap_mtm1_model took  0.00 user, 0.00 sys, 0.00 elapsed, 402152.0 kbytes
write edge vncap_mtm2_model took  0.00 user, 0.00 sys, 0.00 elapsed, 402152.0 kbytes
write edge vncap_mtm3_model took  0.00 user, 0.00 sys, 0.00 elapsed, 402152.0 kbytes
write edge vncap_mtm4_model took  0.00 user, 0.00 sys, 0.00 elapsed, 402152.0 kbytes
write edge vncap_mtm5_model took  0.00 user, 0.00 sys, 0.00 elapsed, 402152.0 kbytes
write edge vncap_mt_model took  0.01 user, 0.00 sys, 0.00 elapsed, 402152.0 kbytes
write edge vncap_m5m1_model took  0.00 user, 0.00 sys, 0.00 elapsed, 402152.0 kbytes
write edge vncap_m5m2_model took  0.00 user, 0.00 sys, 0.00 elapsed, 402152.0 kbytes
write edge vncap_m5m3_model took  0.00 user, 0.00 sys, 0.00 elapsed, 402152.0 kbytes
write edge vncap_m5m4_model took  0.00 user, 0.00 sys, 0.00 elapsed, 402152.0 kbytes
write edge vncap_m5_model took  0.00 user, 0.00 sys, 0.00 elapsed, 402152.0 kbytes
write edge vncap_m4m1_model took  0.00 user, 0.00 sys, 0.00 elapsed, 402152.0 kbytes
write edge vncap_m4m2_model took  0.00 user, 0.00 sys, 0.00 elapsed, 402152.0 kbytes
write edge vncap_m4m3_model took  0.00 user, 0.00 sys, 0.00 elapsed, 402152.0 kbytes
write edge vncap_m4_model took  0.00 user, 0.01 sys, 0.00 elapsed, 402152.0 kbytes
write edge vncap_m3m1_model took  0.00 user, 0.00 sys, 0.00 elapsed, 402152.0 kbytes
write edge vncap_m3m2_model took  0.01 user, 0.00 sys, 0.00 elapsed, 402152.0 kbytes
write edge vncap_m3_model took  0.00 user, 0.00 sys, 0.00 elapsed, 402152.0 kbytes
write edge vncap_m2m1_model took  0.00 user, 0.00 sys, 0.00 elapsed, 402152.0 kbytes
write edge vncap_m2_model took  0.00 user, 0.00 sys, 0.00 elapsed, 402152.0 kbytes
write edge vncap_m1_model took  0.00 user, 0.00 sys, 0.00 elapsed, 402152.0 kbytes
write edge fet_pc_model took  0.00 user, 0.00 sys, 0.00 elapsed, 402284.0 kbytes
write edge bondpad_pc_model took  0.00 user, 0.00 sys, 0.00 elapsed, 402284.0 kbytes
Processing jfet_m2_model                         0 shapes 0.0 sec.
Processing jfet_m1_model                         0 shapes 0.0 sec.
Processing vlnpn_m2_model                        0 shapes 0.0 sec.
Processing vlnpn_m1_model                        0 shapes 0.0 sec.
Processing vlnpn_pc_model                        0 shapes 0.0 sec.
Processing RfDevice_m2_model                     0 shapes 0.0 sec.
Processing RfDevice_m1_model                     0 shapes 0.0 sec.
Processing RfDevice_pc_model                     0 shapes 0.0 sec.
Processing vncap_mtm1_model                      0 shapes 0.0 sec.
Processing vncap_mtm2_model                      0 shapes 0.0 sec.
Processing vncap_mtm3_model                      0 shapes 0.0 sec.
Processing vncap_mtm4_model                      0 shapes 0.0 sec.
Processing vncap_mtm5_model                      0 shapes 0.0 sec.
Processing vncap_mt_model                        0 shapes 0.0 sec.
Processing vncap_m5m1_model                      0 shapes 0.0 sec.
Processing vncap_m5m2_model                      0 shapes 0.0 sec.
Processing vncap_m5m3_model                      0 shapes 0.0 sec.
Processing vncap_m5m4_model                      0 shapes 0.0 sec.
Processing vncap_m5_model                        0 shapes 0.0 sec.
Processing vncap_m4m1_model                      0 shapes 0.0 sec.
Processing vncap_m4m2_model                      0 shapes 0.0 sec.
Processing vncap_m4m3_model                      0 shapes 0.0 sec.
Processing vncap_m4_model                        0 shapes 0.0 sec.
Processing vncap_m3m1_model                      0 shapes 0.0 sec.
Processing vncap_m3m2_model                      0 shapes 0.0 sec.
Processing vncap_m3_model                        0 shapes 0.0 sec.
Processing vncap_m2m1_model                      0 shapes 0.0 sec.
Processing vncap_m2_model                        0 shapes 0.0 sec.
Processing vncap_m1_model                        0 shapes 0.0 sec.
Processing fet_pc_model                          6 shapes 0.0 sec.
Processing bondpad_pc_model                      0 shapes 0.0 sec.
Processing LVgate                                6 shapes 0.0 sec.
write edge LVgate took  0.00 user, 0.00 sys, 0.00 elapsed, 402284.0 kbytes
Processing pd_comp                               4 shapes 0.0 sec.
write edge pd_comp took  0.00 user, 0.00 sys, 0.00 elapsed, 402284.0 kbytes
Processing nd_comp                               8 shapes 0.0 sec.
write edge nd_comp took  0.00 user, 0.00 sys, 0.00 elapsed, 402284.0 kbytes
Processing ca6                                   9 shapes 0.0 sec.
write edge ca6 took  0.00 user, 0.00 sys, 0.00 elapsed, 402284.0 kbytes
Processing ca4                                  12 shapes 0.0 sec.
write edge ca4 took  0.00 user, 0.00 sys, 0.00 elapsed, 402284.0 kbytes
Processing v1                                    9 shapes 0.0 sec.
write edge v1 took  0.00 user, 0.00 sys, 0.00 elapsed, 402284.0 kbytes
write edge transmission1 took  0.00 user, 0.00 sys, 0.00 elapsed, 402284.0 kbytes
Processing transmission1                         0 shapes 0.0 sec.
Processing v2                                    2 shapes 0.0 sec.
write edge v2 took  0.00 user, 0.00 sys, 0.00 elapsed, 402284.0 kbytes
write edge ind took  0.01 user, 0.00 sys, 0.00 elapsed, 402284.0 kbytes
write edge am_RES_min took  0.00 user, 0.00 sys, 0.00 elapsed, 402284.0 kbytes
write edge mt_RES_min took  0.00 user, 0.00 sys, 0.00 elapsed, 402284.0 kbytes
write edge m5_RES_min took  0.00 user, 0.00 sys, 0.00 elapsed, 402284.0 kbytes
write edge m4_RES_min took  0.00 user, 0.00 sys, 0.00 elapsed, 402284.0 kbytes
write edge m3_RES_min took  0.00 user, 0.00 sys, 0.00 elapsed, 402284.0 kbytes
write edge m2_RES_min took  0.00 user, 0.00 sys, 0.00 elapsed, 402284.0 kbytes
write edge m1_RES_min took  0.00 user, 0.00 sys, 0.00 elapsed, 402284.0 kbytes
Processing ind                                   0 shapes 0.0 sec.
Processing am_RES_min                            0 shapes 0.0 sec.
Processing mt_RES_min                            0 shapes 0.0 sec.
Processing m5_RES_min                            0 shapes 0.0 sec.
Processing m4_RES_min                            0 shapes 0.0 sec.
Processing m3_RES_min                            0 shapes 0.0 sec.
Processing m2_RES_min                            0 shapes 0.0 sec.
Processing m1_RES_min                            0 shapes 0.0 sec.
Processing Gate                                  6 shapes 0.0 sec.
write edge Gate took  0.00 user, 0.00 sys, 0.00 elapsed, 402284.0 kbytes
Processing substrate_text                        1 shapes 0.0 sec.
write edge substrate_text took  0.00 user, 0.00 sys, 0.00 elapsed, 402284.0 kbytes
Processing substrate                             1 shapes 0.0 sec.
write edge substrate took  0.00 user, 0.00 sys, 0.00 elapsed, 402284.0 kbytes
Processing sub_diff_top                          1 shapes 0.0 sec.
write edge sub_diff_top took  0.01 user, 0.00 sys, 0.00 elapsed, 402284.0 kbytes
Processing pfet_sd                               4 shapes 0.0 sec.
write edge pfet_sd took  0.00 user, 0.00 sys, 0.00 elapsed, 402284.0 kbytes
Processing nwell_diff                            6 shapes 0.0 sec.
write edge nwell_diff took  0.00 user, 0.01 sys, 0.00 elapsed, 402284.0 kbytes
Processing nfet_sd                               8 shapes 0.0 sec.
write edge nfet_sd took  0.00 user, 0.00 sys, 0.00 elapsed, 402284.0 kbytes
Processing butt_top                              4 shapes 0.0 sec.
write edge butt_top took  0.00 user, 0.00 sys, 0.00 elapsed, 402284.0 kbytes
Processing butt_rxp                              4 shapes 0.0 sec.
write edge butt_rxp took  0.00 user, 0.00 sys, 0.00 elapsed, 402284.0 kbytes
Processing butt_rxn                              4 shapes 0.0 sec.
write edge butt_rxn took  0.00 user, 0.00 sys, 0.00 elapsed, 402284.0 kbytes
write edge RF took  0.00 user, 0.00 sys, 0.00 elapsed, 402284.0 kbytes
WARNING (LBCLV-5576): Ignoring duplicate layer-generation request of RF (id 76)

WARNING (LBCLV-5576): Ignoring duplicate layer-generation request of ind (id 78)

WARNING (LBCLV-5576): Ignoring duplicate layer-generation request of transmission1 (id 77)

WARNING (LBCLV-5576): Ignoring duplicate layer-generation request of ind (id 78)

WARNING (LBCLV-5576): Ignoring duplicate layer-generation request of RF (id 76)

Processing RF                                    0 shapes 0.0 sec.
Processing RF                                    0 shapes 0.0 sec.
Processing ind                                   0 shapes 0.0 sec.
Processing transmission1                         0 shapes 0.0 sec.
Processing ind                                   0 shapes 0.0 sec.
Processing RF                                    0 shapes 0.0 sec.
sort edges took  0.09 user, 0.41 sys, 1.00 elapsed, 26652.0 kbytes
sort labels took  0.01 user, 0.02 sys, 1.00 elapsed, 26424.0 kbytes
sort edges and labels took  0.17 user, 0.47 sys, 2.00 elapsed, 402284.0 kbytes

	vdbToRcx System Usage:
	Elapsed:     4 seconds.
	CPU:         0.4 seconds
	Memory     239 Meg
GOALIE2DIR=/opt/local/cadence/EXT91/tools.lnx86/extraction/bin/64bit/
export GOALIE2DIR

#==========================================================#
# Generate power list
#==========================================================#

cat global.net > power_list

#==========================================================#
# Create ports for abutment
#==========================================================#

geom -C pc_resistive - pc_resistive,1,i,1
geom -C pc_model - pc_model,1,i,1
inter pc_resistive pc_model -t pc_resistive_pc_model_butt:edge
/bin/mv -f nw nw_orig
epick nw_orig nw
/bin/mv -f sub50 sub50_orig
epick sub50_orig sub50

#==========================================================#
# Ensure vias do not extend beyond routing
#==========================================================#

geom -V pc_resistive pc_model - pc_resistive_pc_model_ovia,11,i,1
geom took  0.00 user, 0.00 sys, 0.00 elapsed, 26364.0 kbytes
geom -V pc_resistive pc_resistive_pc_model_butt - pc_resistive_pc_resistive_pc_model_butt_ovia,11,i,1
geom took  0.00 user, 0.00 sys, 0.00 elapsed, 26364.0 kbytes
geom -V pc_model pc_resistive_pc_model_butt - pc_model_pc_resistive_pc_model_butt_ovia,11,i,1
geom took  0.00 user, 0.00 sys, 0.00 elapsed, 26364.0 kbytes
geom -V nd_via nd_comp nfet_sd - nd_via,111,i,2
geom took  0.00 user, 0.00 sys, 0.00 elapsed, 26356.0 kbytes
geom -V pd_via pd_comp pfet_sd - pd_via,111,i,2
geom took  0.00 user, 0.00 sys, 0.00 elapsed, 26356.0 kbytes
geom -V butt_rxn butt_top nwell_diff - butt_rxn_butt_top_nwell_diff,111,i,2
geom took  0.00 user, 0.00 sys, 0.00 elapsed, 26356.0 kbytes
geom -V butt_rxn butt_top nfet_sd - butt_rxn_butt_top_nfet_sd,111,i,2
geom took  0.00 user, 0.00 sys, 0.00 elapsed, 26384.0 kbytes
geom -V butt_rxn nwell_diff nfet_sd - butt_rxn_nwell_diff_nfet_sd,111,i,2
geom took  0.00 user, 0.00 sys, 0.00 elapsed, 26384.0 kbytes
geom -V butt_rxp butt_top pfet_sd - butt_rxp_butt_top_pfet_sd,111,i,2
geom took  0.00 user, 0.00 sys, 0.00 elapsed, 26356.0 kbytes
geom -V butt_rxp butt_top sub_diff_top - butt_rxp_butt_top_sub_diff_top,111,i,2
geom took  0.00 user, 0.00 sys, 0.00 elapsed, 26384.0 kbytes
geom -V butt_rxp pfet_sd sub_diff_top - butt_rxp_pfet_sd_sub_diff_top,111,i,2
geom took  0.00 user, 0.00 sys, 0.00 elapsed, 26384.0 kbytes
geom -V GateCon Gate pc_model - GateCon_Gate_pc_model,111,i,2
geom took  0.00 user, 0.00 sys, 0.00 elapsed, 26356.0 kbytes
geom -V GateCon Gate pc_resistive - GateCon_Gate_pc_resistive,111,i,2
geom took  0.00 user, 0.00 sys, 0.00 elapsed, 26384.0 kbytes
geom -V GateCon pc_model pc_resistive - GateCon_pc_model_pc_resistive,111,i,2
geom took  0.00 user, 0.00 sys, 0.00 elapsed, 26384.0 kbytes
geom -V LVgateCon LVgate Gate - LVgateCon,111,i,2
geom took  0.00 user, 0.00 sys, 0.00 elapsed, 26356.0 kbytes
geom -V ca6 m1_resistive nwell_diff - ca6_m1_resistive_nwell_diff,111,i,2
geom took  0.00 user, 0.00 sys, 0.00 elapsed, 26356.0 kbytes
geom -V ca6 m1_resistive sub_diff_top - ca6_m1_resistive_sub_diff_top,111,i,2
geom took  0.00 user, 0.00 sys, 0.00 elapsed, 26356.0 kbytes
geom -V ca6 nwell_diff sub_diff_top - ca6_nwell_diff_sub_diff_top,111,i,2
geom took  0.00 user, 0.00 sys, 0.00 elapsed, 26384.0 kbytes
geom -V ca4 m1_resistive pc_model - ca4_m1_resistive_pc_model,111,i,2
geom took  0.00 user, 0.00 sys, 0.00 elapsed, 26384.0 kbytes
geom -V ca4 m1_resistive pc_resistive - ca4_m1_resistive_pc_resistive,111,i,2
geom took  0.00 user, 0.00 sys, 0.00 elapsed, 26356.0 kbytes
geom -V ca4 m1_resistive pfet_sd - ca4_m1_resistive_pfet_sd,111,i,2
geom took  0.00 user, 0.00 sys, 0.00 elapsed, 26384.0 kbytes
geom -V ca4 m1_resistive nfet_sd - ca4_m1_resistive_nfet_sd,111,i,2
geom took  0.00 user, 0.00 sys, 0.00 elapsed, 26356.0 kbytes
geom -V ca4 pc_model pc_resistive - ca4_pc_model_pc_resistive,111,i,2
geom took  0.00 user, 0.00 sys, 0.00 elapsed, 26384.0 kbytes
geom -V ca4 pc_model pfet_sd - ca4_pc_model_pfet_sd,111,i,2
geom took  0.00 user, 0.00 sys, 0.00 elapsed, 26384.0 kbytes
geom -V ca4 pc_model nfet_sd - ca4_pc_model_nfet_sd,111,i,2
geom took  0.00 user, 0.00 sys, 0.00 elapsed, 26384.0 kbytes
geom -V ca4 pc_resistive pfet_sd - ca4_pc_resistive_pfet_sd,111,i,2
geom took  0.00 user, 0.00 sys, 0.00 elapsed, 26384.0 kbytes
geom -V ca4 pc_resistive nfet_sd - ca4_pc_resistive_nfet_sd,111,i,2
geom took  0.00 user, 0.00 sys, 0.00 elapsed, 26384.0 kbytes
geom -V ca4 pfet_sd nfet_sd - ca4_pfet_sd_nfet_sd,111,i,2
geom took  0.00 user, 0.00 sys, 0.00 elapsed, 26384.0 kbytes
geom -V v1 m1_resistive m2_resistive - v1_m1_resistive_m2_resistive,111,i,2
geom took  0.00 user, 0.00 sys, 0.00 elapsed, 26356.0 kbytes
geom -V v2 m2_resistive m3_resistive - v2_m2_resistive_m3_resistive,111,i,2
geom took  0.00 user, 0.00 sys, 0.00 elapsed, 26356.0 kbytes
geom -V nw nwell_diff - nw_nwell_diff_ovia,11,i,1
geom took  0.00 user, 0.00 sys, 0.00 elapsed, 26268.0 kbytes
geom -V well nwell_diff - well_nwell_diff_ovia,11,i,1
geom took  0.00 user, 0.00 sys, 0.00 elapsed, 26364.0 kbytes
geom -V substrate substrate_text - substrate_substrate_text_ovia,11,i,1
geom took  0.00 user, 0.00 sys, 0.00 elapsed, 26364.0 kbytes
geom -V subs_sti substrate - subs_sti_substrate_ovia,11,i,1
geom took  0.00 user, 0.00 sys, 0.00 elapsed, 26364.0 kbytes
geom -V sub50 substrate - sub50_substrate_ovia,11,i,1
geom took  0.00 user, 0.00 sys, 0.00 elapsed, 26268.0 kbytes
/bin/mv -f nw_orig nw
/bin/mv -f sub50_orig sub50

#==========================================================#
# Flatten net file, routing, via and device layers
#==========================================================#

SAVEDIR=`beginFlattenInputs`
beginFlattenInputs
export SAVEDIR
/bin/mv -f NET h_NET
flatnet -V -li -h '/' h_NET NET
flatnet took 0.00 user, 0.00 sys, 0.00 elapsed, 26208.0 kbytes
netprint -V -N1 power_list:power_list_nums NET
flattenTransistorData nfet_dev_Device_20 meters
flattub took  0.00 user, 0.01 sys, 0.00 elapsed, 26176.0 kbytes
flatnet took 0.00 user, 0.00 sys, 0.00 elapsed, 26200.0 kbytes
flattrans took 0.00 user, 0.00 sys, 0.00 elapsed, 26056.0 kbytes
flattenTransistorData pfet_dev_Device_41 meters
flattub took  0.00 user, 0.00 sys, 0.00 elapsed, 26176.0 kbytes
flatnet took 0.00 user, 0.01 sys, 0.00 elapsed, 26200.0 kbytes
flattrans took 0.00 user, 0.01 sys, 0.00 elapsed, 26056.0 kbytes
flattenDiodeData nwdiode_dev1_Device_334 meters
flattub took  0.00 user, 0.01 sys, 0.00 elapsed, 26176.0 kbytes
flatnet took 0.00 user, 0.01 sys, 0.00 elapsed, 26200.0 kbytes
flattrans took 0.00 user, 0.00 sys, 0.00 elapsed, 26056.0 kbytes
flattenDeviceData BOX meters
flattrans took 0.00 user, 0.00 sys, 0.00 elapsed, 26052.0 kbytes
flattenLayers fet_pc_model
flattub took  0.00 user, 0.00 sys, 0.00 elapsed, 25960.0 kbytes
flattenLayers -m m3_resistive m2_resistive m1_resistive pc_model pc_resistive \
	nfet_sd pfet_sd nw sub50 pc_resistive_pc_model_ovia \
	pc_resistive_pc_resistive_pc_model_butt_ovia \
	pc_resistive_pc_model_butt pc_model_pc_resistive_pc_model_butt_ovia \
	nd_via nd_comp pd_via pd_comp butt_rxn_butt_top_nwell_diff butt_top \
	nwell_diff butt_rxn_butt_top_nfet_sd butt_rxn_nwell_diff_nfet_sd \
	butt_rxp_butt_top_pfet_sd butt_rxp_butt_top_sub_diff_top sub_diff_top \
	butt_rxp_pfet_sd_sub_diff_top GateCon_Gate_pc_model Gate \
	GateCon_Gate_pc_resistive GateCon_pc_model_pc_resistive LVgateCon \
	LVgate ca6_m1_resistive_nwell_diff ca6_m1_resistive_sub_diff_top \
	ca6_nwell_diff_sub_diff_top ca4_m1_resistive_pc_model \
	ca4_m1_resistive_pc_resistive ca4_m1_resistive_pfet_sd \
	ca4_m1_resistive_nfet_sd ca4_pc_model_pc_resistive \
	ca4_pc_model_pfet_sd ca4_pc_model_nfet_sd ca4_pc_resistive_pfet_sd \
	ca4_pc_resistive_nfet_sd ca4_pfet_sd_nfet_sd \
	v1_m1_resistive_m2_resistive v2_m2_resistive_m3_resistive \
	nw_nwell_diff_ovia well_nwell_diff_ovia well \
	substrate_substrate_text_ovia substrate substrate_text \
	subs_sti_substrate_ovia subs_sti sub50_substrate_ovia \
	sub_dev_Device_206
flattub took  0.22 user, 0.51 sys, 3.00 elapsed, 26084.0 kbytes
endFlattenInputs

#==========================================================#
# Initialize CAP_GROUND variable
#==========================================================#

CAP_GROUND=`findCapGround -g SUB -l sub50 NET`
findCapGround -g SUB -l sub50 NET
echo "CAP_GROUND=" ${CAP_GROUND}
CAP_GROUND= 6
export CAP_GROUND

#==========================================================#
# Segregate interconnect into resistive and non-resistive
#==========================================================#

selectNetsByNumber power_list_nums Gate p_rGate np_rGate
epick took  0.00 user, 0.00 sys, 0.00 elapsed, 25944.0 kbytes
epick took  0.00 user, 0.00 sys, 0.00 elapsed, 25944.0 kbytes
selectNetsByNumber power_list_nums LVgate p_rLVgate np_rLVgate
epick took  0.00 user, 0.00 sys, 0.00 elapsed, 25944.0 kbytes
epick took  0.00 user, 0.00 sys, 0.00 elapsed, 25944.0 kbytes
selectNetsByNumber power_list_nums butt_top p_rbutt_top np_rbutt_top
epick took  0.00 user, 0.00 sys, 0.00 elapsed, 25944.0 kbytes
epick took  0.00 user, 0.00 sys, 0.00 elapsed, 25944.0 kbytes
selectNetsByNumber power_list_nums m1_resistive p_rm1_resistive np_rm1_resistive
epick took  0.00 user, 0.00 sys, 0.00 elapsed, 25944.0 kbytes
epick took  0.00 user, 0.00 sys, 0.00 elapsed, 25944.0 kbytes
selectNetsByNumber power_list_nums m2_resistive p_rm2_resistive np_rm2_resistive
epick took  0.00 user, 0.00 sys, 0.00 elapsed, 25944.0 kbytes
epick took  0.00 user, 0.00 sys, 0.00 elapsed, 25944.0 kbytes
selectNetsByNumber power_list_nums m3_resistive p_rm3_resistive np_rm3_resistive
epick took  0.00 user, 0.00 sys, 0.00 elapsed, 25944.0 kbytes
epick took  0.00 user, 0.00 sys, 0.00 elapsed, 25944.0 kbytes
selectNetsByNumber power_list_nums nd_comp p_rnd_comp np_rnd_comp
epick took  0.00 user, 0.00 sys, 0.00 elapsed, 25944.0 kbytes
epick took  0.00 user, 0.00 sys, 0.00 elapsed, 25944.0 kbytes
selectNetsByNumber power_list_nums nfet_sd p_rnfet_sd np_rnfet_sd
epick took  0.00 user, 0.00 sys, 0.00 elapsed, 25944.0 kbytes
epick took  0.00 user, 0.00 sys, 0.00 elapsed, 25944.0 kbytes
selectNetsByNumber power_list_nums nw p_rnw np_rnw
epick took  0.00 user, 0.00 sys, 0.00 elapsed, 25944.0 kbytes
epick took  0.00 user, 0.00 sys, 0.00 elapsed, 25944.0 kbytes
selectNetsByNumber power_list_nums nwell_diff p_rnwell_diff np_rnwell_diff
epick took  0.00 user, 0.00 sys, 0.00 elapsed, 25944.0 kbytes
epick took  0.00 user, 0.00 sys, 0.00 elapsed, 25944.0 kbytes
selectNetsByNumber power_list_nums pc_model p_rpc_model np_rpc_model
epick took  0.00 user, 0.00 sys, 0.00 elapsed, 25944.0 kbytes
epick took  0.00 user, 0.00 sys, 0.00 elapsed, 25944.0 kbytes
selectNetsByNumber power_list_nums pc_resistive p_rpc_resistive np_rpc_resistive
epick took  0.00 user, 0.00 sys, 0.00 elapsed, 25944.0 kbytes
epick took  0.00 user, 0.00 sys, 0.00 elapsed, 25944.0 kbytes
selectNetsByNumber power_list_nums pc_resistive_pc_model_butt p_rpc_resistive_pc_model_butt np_rpc_resistive_pc_model_butt
epick took  0.00 user, 0.00 sys, 0.00 elapsed, 25944.0 kbytes
epick took  0.00 user, 0.00 sys, 0.00 elapsed, 25944.0 kbytes
selectNetsByNumber power_list_nums pd_comp p_rpd_comp np_rpd_comp
epick took  0.00 user, 0.00 sys, 0.00 elapsed, 25944.0 kbytes
epick took  0.00 user, 0.00 sys, 0.00 elapsed, 25944.0 kbytes
selectNetsByNumber power_list_nums pfet_sd p_rpfet_sd np_rpfet_sd
epick took  0.00 user, 0.00 sys, 0.00 elapsed, 25944.0 kbytes
epick took  0.00 user, 0.00 sys, 0.00 elapsed, 25944.0 kbytes
selectNetsByNumber power_list_nums sub50 p_rsub50 np_rsub50
epick took  0.00 user, 0.00 sys, 0.00 elapsed, 25944.0 kbytes
epick took  0.00 user, 0.00 sys, 0.00 elapsed, 25944.0 kbytes
selectNetsByNumber power_list_nums sub_diff_top p_rsub_diff_top np_rsub_diff_top
epick took  0.00 user, 0.00 sys, 0.00 elapsed, 25944.0 kbytes
epick took  0.00 user, 0.00 sys, 0.00 elapsed, 25944.0 kbytes
selectNetsByNumber power_list_nums subs_sti p_rsubs_sti np_rsubs_sti
epick took  0.00 user, 0.00 sys, 0.00 elapsed, 25944.0 kbytes
epick took  0.00 user, 0.00 sys, 0.00 elapsed, 25944.0 kbytes
selectNetsByNumber power_list_nums substrate p_rsubstrate np_rsubstrate
epick took  0.00 user, 0.00 sys, 0.00 elapsed, 25944.0 kbytes
epick took  0.00 user, 0.00 sys, 0.00 elapsed, 25944.0 kbytes
selectNetsByNumber power_list_nums substrate_text p_rsubstrate_text np_rsubstrate_text
epick took  0.00 user, 0.00 sys, 0.00 elapsed, 25944.0 kbytes
epick took  0.00 user, 0.00 sys, 0.00 elapsed, 25944.0 kbytes
selectNetsByNumber power_list_nums well p_rwell np_rwell
epick took  0.00 user, 0.00 sys, 0.00 elapsed, 25944.0 kbytes
epick took  0.00 user, 0.00 sys, 0.00 elapsed, 25944.0 kbytes
selectNetsByNumber power_list_nums ca4_m1_resistive_pc_resistive p_rca4_m1_resistive_pc_resistive np_rca4_m1_resistive_pc_resistive
epick took  0.00 user, 0.00 sys, 0.00 elapsed, 25944.0 kbytes
epick took  0.00 user, 0.00 sys, 0.00 elapsed, 25944.0 kbytes
selectNetsByNumber power_list_nums v1_m1_resistive_m2_resistive p_rv1_m1_resistive_m2_resistive np_rv1_m1_resistive_m2_resistive
epick took  0.00 user, 0.00 sys, 0.00 elapsed, 25944.0 kbytes
epick took  0.00 user, 0.00 sys, 0.00 elapsed, 25944.0 kbytes
selectNetsByNumber power_list_nums v2_m2_resistive_m3_resistive p_rv2_m2_resistive_m3_resistive np_rv2_m2_resistive_m3_resistive

epick took  0.00 user, 0.00 sys, 0.00 elapsed, 25944.0 kbytes
epick took  0.00 user, 0.00 sys, 0.00 elapsed, 25944.0 kbytes
#==========================================================#
# Create resistor cut regions between resistive
# interconnect levels
#==========================================================#

mergevia -V -unitarea 0.0400 np_rca4_m1_resistive_pc_resistive \
	rca4_m1_resistive_pc_resistive - np_rm1_resistive np_rpc_resistive
mergevia took 0.00 user, 0.00 sys, 0.00 elapsed, 28792.0 kbytes
mergevia -V -unitarea 0.0784 np_rv1_m1_resistive_m2_resistive \
	rv1_m1_resistive_m2_resistive - np_rm1_resistive np_rm2_resistive
mergevia took 0.00 user, 0.00 sys, 0.00 elapsed, 28792.0 kbytes
mergevia -V -unitarea 0.0784 np_rv2_m2_resistive_m3_resistive \
	rv2_m2_resistive_m3_resistive - np_rm2_resistive np_rm3_resistive

mergevia took 0.00 user, 0.00 sys, 0.00 elapsed, 28792.0 kbytes
#==========================================================#
# Create resistive interconnect MOSFET terminals
#==========================================================#


#==========================================================#
# Prepare non-resistive text layers
#==========================================================#

flatlabel -V -tc -F SXCUT_TEXT SXCUT_TEXT_nr_labs
INFO (FLTLBL-89003): exec labsort -V SXCUT_TEXT_nr_labs

sort labels took  0.00 user, 0.00 sys, 0.00 elapsed, 24224.0 kbytes
flatlabel took 0.00 user, 0.00 sys, 0.00 elapsed, 25896.0 kbytes
flatlabel -V -tc -F RX_pin_text RX_pin_text_nr_labs
INFO (FLTLBL-89003): exec labsort -V RX_pin_text_nr_labs

sort labels took  0.00 user, 0.00 sys, 0.00 elapsed, 24224.0 kbytes
flatlabel took 0.00 user, 0.00 sys, 0.00 elapsed, 25896.0 kbytes
flatlabel -V -tc -F PC_pin_text PC_pin_text_nr_labs

INFO (FLTLBL-89003): exec labsort -V PC_pin_text_nr_labs

sort labels took  0.00 user, 0.00 sys, 0.00 elapsed, 24224.0 kbytes
flatlabel took 0.00 user, 0.00 sys, 0.00 elapsed, 25896.0 kbytes
#==========================================================#
# Assign net numbers to cut regions
#==========================================================#

/bin/mv -f np_rnw np_rnw.conn_orig
createEmptyLayer np_rnw
/bin/mv -f np_rsub50 np_rsub50.conn_orig
createEmptyLayer np_rsub50
connect -V -relocate NET np_rnfet_sd:np_rnfet_sd.conn \
	np_rpfet_sd:np_rpfet_sd.conn np_rGate:np_rGate.conn \
	np_rLVgate:np_rLVgate.conn np_rbutt_top:np_rbutt_top.conn \
	np_rnd_comp:np_rnd_comp.conn np_rnw:np_rnw.conn \
	np_rsub50:np_rsub50.conn np_rnwell_diff:np_rnwell_diff.conn \
	np_rpc_resistive_pc_model_butt:np_rpc_resistive_pc_model_butt.conn \
	np_rpd_comp:np_rpd_comp.conn np_rsub_diff_top:np_rsub_diff_top.conn \
	np_rsubs_sti:np_rsubs_sti.conn np_rsubstrate:np_rsubstrate.conn \
	np_rsubstrate_text:np_rsubstrate_text.conn np_rwell:np_rwell.conn \
	np_rpc_model:np_rpc_model.conn rca4_m1_resistive_pc_resistive \
	rv1_m1_resistive_m2_resistive rv2_m2_resistive_m3_resistive - \
	pc_model_pc_resistive_pc_model_butt_ovia,17,10 nd_via,6,1 pd_via,11,2 \
	butt_rxn_butt_top_nwell_diff,5,9 butt_rxn_butt_top_nfet_sd,5,1 \
	butt_rxn_nwell_diff_nfet_sd,9,1 butt_rxp_butt_top_pfet_sd,5,2 \
	butt_rxp_butt_top_sub_diff_top,5,12 \
	butt_rxp_pfet_sd_sub_diff_top,2,12 GateCon_Gate_pc_model,3,17 \
	LVgateCon,4,3 ca6_nwell_diff_sub_diff_top,9,12 \
	ca4_pc_model_pfet_sd,17,2 ca4_pc_model_nfet_sd,17,1 \
	ca4_pfet_sd_nfet_sd,2,1 nw_nwell_diff_ovia,7,9 \
	well_nwell_diff_ovia,16,9 substrate_substrate_text_ovia,14,15 \
	subs_sti_substrate_ovia,13,14 sub50_substrate_ovia,8,14 - \
	SXCUT_TEXT_nr_labs,15 RX_pin_text_nr_labs,1,2,9,12 \
	PC_pin_text_nr_labs,3,17

relocate took 0.02 user, 0.11 sys, 0.00 elapsed, 165192.0 kbytes
connect took  0.00 user, 0.00 sys, 0.00 elapsed, 165192.0 kbytes
#==========================================================#
# Assign net numbers to resistor vias
#==========================================================#

geom -V pc_resistive_pc_model_ovia np_rpc_model.conn - tmp_rpc_resistive_pc_model_ovia,11,i,2
geom took  0.00 user, 0.00 sys, 1.00 elapsed, 26184.0 kbytes
mergevia -V -i -cnt tmp_rpc_resistive_pc_model_ovia \
	rpc_resistive_pc_model_ovia - np_rpc_resistive np_rpc_model
mergevia took 0.00 user, 0.00 sys, 0.00 elapsed, 28716.0 kbytes
/bin/rm -f tmp_rpc_resistive_pc_model_ovia
geom -V pc_resistive_pc_resistive_pc_model_butt_ovia np_rpc_resistive_pc_model_butt.conn - tmp_rpc_resistive_pc_resistive_pc_model_butt_ovia,11,i,2
geom took  0.00 user, 0.00 sys, 0.00 elapsed, 26184.0 kbytes
[ -r rpc_resistive_pc_resistive_pc_model_butt_ovia ] && /bin/rm -f rpc_resistive_pc_resistive_pc_model_butt_ovia
/bin/mv -f tmp_rpc_resistive_pc_resistive_pc_model_butt_ovia rpc_resistive_pc_resistive_pc_model_butt_ovia
geom -V GateCon_Gate_pc_resistive np_rGate.conn - tmp_rGateCon_Gate_pc_resistive,11,i,2
geom took  0.00 user, 0.00 sys, 0.00 elapsed, 26184.0 kbytes
mergevia -V -i -cnt tmp_rGateCon_Gate_pc_resistive rGateCon_Gate_pc_resistive \
	- np_rpc_resistive np_rGate
mergevia took 0.00 user, 0.00 sys, 0.00 elapsed, 28716.0 kbytes
/bin/rm -f tmp_rGateCon_Gate_pc_resistive
geom -V GateCon_pc_model_pc_resistive np_rpc_model.conn - tmp_rGateCon_pc_model_pc_resistive,11,i,2
geom took  0.00 user, 0.00 sys, 0.00 elapsed, 26184.0 kbytes
mergevia -V -i -cnt tmp_rGateCon_pc_model_pc_resistive \
	rGateCon_pc_model_pc_resistive - np_rpc_resistive np_rpc_model
mergevia took 0.00 user, 0.00 sys, 0.00 elapsed, 28716.0 kbytes
/bin/rm -f tmp_rGateCon_pc_model_pc_resistive
geom -V ca6_m1_resistive_nwell_diff np_rnwell_diff.conn - tmp_rca6_m1_resistive_nwell_diff,11,i,2
geom took  0.00 user, 0.00 sys, 0.00 elapsed, 26184.0 kbytes
mergevia -V -i -unitarea 0.0400 tmp_rca6_m1_resistive_nwell_diff \
	rca6_m1_resistive_nwell_diff - np_rm1_resistive np_rnwell_diff
mergevia took 0.00 user, 0.00 sys, 0.00 elapsed, 28800.0 kbytes
/bin/rm -f tmp_rca6_m1_resistive_nwell_diff
geom -V ca6_m1_resistive_sub_diff_top np_rsub_diff_top.conn - tmp_rca6_m1_resistive_sub_diff_top,11,i,2
geom took  0.00 user, 0.00 sys, 0.00 elapsed, 26184.0 kbytes
mergevia -V -i -unitarea 0.0400 tmp_rca6_m1_resistive_sub_diff_top \
	rca6_m1_resistive_sub_diff_top - np_rm1_resistive np_rsub_diff_top
mergevia took 0.00 user, 0.00 sys, 0.00 elapsed, 28800.0 kbytes
/bin/rm -f tmp_rca6_m1_resistive_sub_diff_top
geom -V ca4_m1_resistive_pc_model np_rpc_model.conn - tmp_rca4_m1_resistive_pc_model,11,i,2
geom took  0.00 user, 0.00 sys, 0.00 elapsed, 26184.0 kbytes
mergevia -V -i -unitarea 0.0400 tmp_rca4_m1_resistive_pc_model \
	rca4_m1_resistive_pc_model - np_rm1_resistive np_rpc_model
mergevia took 0.00 user, 0.00 sys, 0.00 elapsed, 28716.0 kbytes
/bin/rm -f tmp_rca4_m1_resistive_pc_model
geom -V ca4_m1_resistive_pfet_sd np_rpfet_sd.conn - tmp_rca4_m1_resistive_pfet_sd,11,i,2
geom took  0.00 user, 0.00 sys, 0.00 elapsed, 26184.0 kbytes
mergevia -V -i -unitarea 0.0400 tmp_rca4_m1_resistive_pfet_sd \
	rca4_m1_resistive_pfet_sd - np_rm1_resistive np_rpfet_sd
mergevia took 0.00 user, 0.00 sys, 0.00 elapsed, 28716.0 kbytes
/bin/rm -f tmp_rca4_m1_resistive_pfet_sd
geom -V ca4_m1_resistive_nfet_sd np_rnfet_sd.conn - tmp_rca4_m1_resistive_nfet_sd,11,i,2
geom took  0.00 user, 0.00 sys, 0.00 elapsed, 26184.0 kbytes
mergevia -V -i -unitarea 0.0400 tmp_rca4_m1_resistive_nfet_sd \
	rca4_m1_resistive_nfet_sd - np_rm1_resistive np_rnfet_sd
mergevia took 0.00 user, 0.00 sys, 0.00 elapsed, 28800.0 kbytes
/bin/rm -f tmp_rca4_m1_resistive_nfet_sd
geom -V ca4_pc_model_pc_resistive np_rpc_model.conn - tmp_rca4_pc_model_pc_resistive,11,i,2
geom took  0.00 user, 0.00 sys, 0.00 elapsed, 26184.0 kbytes
mergevia -V -i -unitarea 0.0400 tmp_rca4_pc_model_pc_resistive \
	rca4_pc_model_pc_resistive - np_rpc_resistive np_rpc_model
mergevia took 0.00 user, 0.00 sys, 0.00 elapsed, 28716.0 kbytes
/bin/rm -f tmp_rca4_pc_model_pc_resistive
geom -V ca4_pc_resistive_pfet_sd np_rpfet_sd.conn - tmp_rca4_pc_resistive_pfet_sd,11,i,2
geom took  0.00 user, 0.00 sys, 0.00 elapsed, 26184.0 kbytes
mergevia -V -i -unitarea 0.0400 tmp_rca4_pc_resistive_pfet_sd \
	rca4_pc_resistive_pfet_sd - np_rpc_resistive np_rpfet_sd
mergevia took 0.00 user, 0.00 sys, 0.00 elapsed, 28716.0 kbytes
/bin/rm -f tmp_rca4_pc_resistive_pfet_sd
geom -V ca4_pc_resistive_nfet_sd np_rnfet_sd.conn - tmp_rca4_pc_resistive_nfet_sd,11,i,2
geom took  0.00 user, 0.00 sys, 0.00 elapsed, 26184.0 kbytes
mergevia -V -i -unitarea 0.0400 tmp_rca4_pc_resistive_nfet_sd \
	rca4_pc_resistive_nfet_sd - np_rpc_resistive np_rnfet_sd
mergevia took 0.00 user, 0.00 sys, 0.00 elapsed, 28716.0 kbytes
/bin/rm -f tmp_rca4_pc_resistive_nfet_sd

#==========================================================#
# Assign net numbers to nonresistive layers
#==========================================================#

epick -V -reo -e rpc_resistive_pc_model_ovia -e \
	rpc_resistive_pc_resistive_pc_model_butt_ovia -e \
	rGateCon_Gate_pc_resistive -e rGateCon_pc_model_pc_resistive -e \
	rca6_m1_resistive_nwell_diff -e rca6_m1_resistive_sub_diff_top -e \
	rca4_m1_resistive_pc_model -e rca4_m1_resistive_pfet_sd -e \
	rca4_m1_resistive_nfet_sd -e rca4_pc_model_pc_resistive -e \
	rca4_pc_resistive_pfet_sd -e rca4_pc_resistive_nfet_sd \
	np_rpc_model.conn tmp_pc_model
epick took  0.00 user, 0.00 sys, 0.00 elapsed, 25944.0 kbytes
epick -V -reo -e tmp_pc_model -c np_rpc_model.conn tmp1_pc_model
epick took  0.00 user, 0.00 sys, 0.00 elapsed, 25944.0 kbytes
geom -V tmp1_pc_model np_rpc_model - tmp1_pc_model,11,i,2
geom took  0.00 user, 0.00 sys, 0.00 elapsed, 26184.0 kbytes
geom -V tmp_pc_model,tmp1_pc_model - np_rpc_model,1,i,1
geom took  0.00 user, 0.00 sys, 0.00 elapsed, 26176.0 kbytes
/bin/rm -f tmp_pc_model tmp1_pc_model
epick -V -reo -e rpc_resistive_pc_model_ovia -e \
	rpc_resistive_pc_resistive_pc_model_butt_ovia -e \
	rGateCon_Gate_pc_resistive -e rGateCon_pc_model_pc_resistive -e \
	rca6_m1_resistive_nwell_diff -e rca6_m1_resistive_sub_diff_top -e \
	rca4_m1_resistive_pc_model -e rca4_m1_resistive_pfet_sd -e \
	rca4_m1_resistive_nfet_sd -e rca4_pc_model_pc_resistive -e \
	rca4_pc_resistive_pfet_sd -e rca4_pc_resistive_nfet_sd \
	np_rnfet_sd.conn tmp_nfet_sd
epick took  0.00 user, 0.00 sys, 0.00 elapsed, 25944.0 kbytes
epick -V -reo -e tmp_nfet_sd -c np_rnfet_sd.conn tmp1_nfet_sd
epick took  0.00 user, 0.00 sys, 0.00 elapsed, 25944.0 kbytes
geom -V tmp1_nfet_sd np_rnfet_sd - tmp1_nfet_sd,11,i,2
geom took  0.00 user, 0.00 sys, 0.00 elapsed, 26184.0 kbytes
geom -V tmp_nfet_sd,tmp1_nfet_sd - np_rnfet_sd,1,i,1
geom took  0.00 user, 0.00 sys, 0.00 elapsed, 26176.0 kbytes
/bin/rm -f tmp_nfet_sd tmp1_nfet_sd
epick -V -reo -e rpc_resistive_pc_model_ovia -e \
	rpc_resistive_pc_resistive_pc_model_butt_ovia -e \
	rGateCon_Gate_pc_resistive -e rGateCon_pc_model_pc_resistive -e \
	rca6_m1_resistive_nwell_diff -e rca6_m1_resistive_sub_diff_top -e \
	rca4_m1_resistive_pc_model -e rca4_m1_resistive_pfet_sd -e \
	rca4_m1_resistive_nfet_sd -e rca4_pc_model_pc_resistive -e \
	rca4_pc_resistive_pfet_sd -e rca4_pc_resistive_nfet_sd \
	np_rpfet_sd.conn tmp_pfet_sd
epick took  0.00 user, 0.00 sys, 0.00 elapsed, 25944.0 kbytes
epick -V -reo -e tmp_pfet_sd -c np_rpfet_sd.conn tmp1_pfet_sd
epick took  0.00 user, 0.00 sys, 0.00 elapsed, 25944.0 kbytes
geom -V tmp1_pfet_sd np_rpfet_sd - tmp1_pfet_sd,11,i,2
geom took  0.00 user, 0.00 sys, 0.00 elapsed, 26184.0 kbytes
geom -V tmp_pfet_sd,tmp1_pfet_sd - np_rpfet_sd,1,i,1
geom took  0.00 user, 0.00 sys, 0.00 elapsed, 26176.0 kbytes
/bin/rm -f tmp_pfet_sd tmp1_pfet_sd
epick -V -reo -e rpc_resistive_pc_model_ovia -e \
	rpc_resistive_pc_resistive_pc_model_butt_ovia -e \
	rGateCon_Gate_pc_resistive -e rGateCon_pc_model_pc_resistive -e \
	rca6_m1_resistive_nwell_diff -e rca6_m1_resistive_sub_diff_top -e \
	rca4_m1_resistive_pc_model -e rca4_m1_resistive_pfet_sd -e \
	rca4_m1_resistive_nfet_sd -e rca4_pc_model_pc_resistive -e \
	rca4_pc_resistive_pfet_sd -e rca4_pc_resistive_nfet_sd np_rnw.conn \
	tmp_nw
epick took  0.00 user, 0.00 sys, 0.00 elapsed, 25944.0 kbytes
epick -V -reo -e tmp_nw -c np_rnw.conn tmp1_nw
epick took  0.00 user, 0.00 sys, 0.00 elapsed, 25944.0 kbytes
geom -V tmp1_nw np_rnw - tmp1_nw,11,i,2
geom took  0.00 user, 0.00 sys, 0.00 elapsed, 26184.0 kbytes
geom -V tmp_nw,tmp1_nw - np_rnw,1,i,1
geom took  0.00 user, 0.00 sys, 0.00 elapsed, 26176.0 kbytes
/bin/rm -f tmp_nw tmp1_nw
epick -V -reo -e rpc_resistive_pc_model_ovia -e \
	rpc_resistive_pc_resistive_pc_model_butt_ovia -e \
	rGateCon_Gate_pc_resistive -e rGateCon_pc_model_pc_resistive -e \
	rca6_m1_resistive_nwell_diff -e rca6_m1_resistive_sub_diff_top -e \
	rca4_m1_resistive_pc_model -e rca4_m1_resistive_pfet_sd -e \
	rca4_m1_resistive_nfet_sd -e rca4_pc_model_pc_resistive -e \
	rca4_pc_resistive_pfet_sd -e rca4_pc_resistive_nfet_sd np_rsub50.conn \
	tmp_sub50
epick took  0.00 user, 0.00 sys, 0.00 elapsed, 25944.0 kbytes
epick -V -reo -e tmp_sub50 -c np_rsub50.conn tmp1_sub50
epick took  0.00 user, 0.00 sys, 0.00 elapsed, 25944.0 kbytes
geom -V tmp1_sub50 np_rsub50 - tmp1_sub50,11,i,2
geom took  0.00 user, 0.00 sys, 0.00 elapsed, 26184.0 kbytes
geom -V tmp_sub50,tmp1_sub50 - np_rsub50,1,i,1
geom took  0.00 user, 0.00 sys, 0.00 elapsed, 26176.0 kbytes
/bin/rm -f tmp_sub50 tmp1_sub50
epick -V -reo -e rpc_resistive_pc_model_ovia -e \
	rpc_resistive_pc_resistive_pc_model_butt_ovia -e \
	rGateCon_Gate_pc_resistive -e rGateCon_pc_model_pc_resistive -e \
	rca6_m1_resistive_nwell_diff -e rca6_m1_resistive_sub_diff_top -e \
	rca4_m1_resistive_pc_model -e rca4_m1_resistive_pfet_sd -e \
	rca4_m1_resistive_nfet_sd -e rca4_pc_model_pc_resistive -e \
	rca4_pc_resistive_pfet_sd -e rca4_pc_resistive_nfet_sd \
	np_rsub_diff_top.conn tmp_sub_diff_top
epick took  0.00 user, 0.00 sys, 0.00 elapsed, 25944.0 kbytes
epick -V -reo -e tmp_sub_diff_top -c np_rsub_diff_top.conn tmp1_sub_diff_top
epick took  0.00 user, 0.00 sys, 0.00 elapsed, 25944.0 kbytes
geom -V tmp1_sub_diff_top np_rsub_diff_top - tmp1_sub_diff_top,11,i,2
geom took  0.00 user, 0.00 sys, 0.00 elapsed, 26184.0 kbytes
geom -V tmp_sub_diff_top,tmp1_sub_diff_top - np_rsub_diff_top,1,i,1
geom took  0.00 user, 0.00 sys, 0.00 elapsed, 26176.0 kbytes
/bin/rm -f tmp_sub_diff_top tmp1_sub_diff_top
epick -V -reo -e rpc_resistive_pc_model_ovia -e \
	rpc_resistive_pc_resistive_pc_model_butt_ovia -e \
	rGateCon_Gate_pc_resistive -e rGateCon_pc_model_pc_resistive -e \
	rca6_m1_resistive_nwell_diff -e rca6_m1_resistive_sub_diff_top -e \
	rca4_m1_resistive_pc_model -e rca4_m1_resistive_pfet_sd -e \
	rca4_m1_resistive_nfet_sd -e rca4_pc_model_pc_resistive -e \
	rca4_pc_resistive_pfet_sd -e rca4_pc_resistive_nfet_sd \
	np_rsubstrate.conn tmp_substrate
epick took  0.00 user, 0.00 sys, 0.00 elapsed, 25944.0 kbytes
epick -V -reo -e tmp_substrate -c np_rsubstrate.conn tmp1_substrate
epick took  0.00 user, 0.00 sys, 0.00 elapsed, 25944.0 kbytes
geom -V tmp1_substrate np_rsubstrate - tmp1_substrate,11,i,2
geom took  0.00 user, 0.00 sys, 0.00 elapsed, 26184.0 kbytes
geom -V tmp_substrate,tmp1_substrate - np_rsubstrate,1,i,1
geom took  0.00 user, 0.00 sys, 0.00 elapsed, 26184.0 kbytes
/bin/rm -f tmp_substrate tmp1_substrate

#==========================================================#
# Generate resistor command file
#==========================================================#

cat <<ENDCAT> res.mod
np_rm3_resistive,0.089,M3(g)
+:T,0.0033,0.0,25
+:t(0.0049,0.0,25),(a:0.0784:2.6),(a:0.0784:2.6),(a:0.0784:2.6),rv2_m2_resistive_m3_resistive
np_rm2_resistive,0.089,M2(h)
+:T,0.0033,0.0,25
+:t(0.0049,0.0,25),(a:0.0784:2.6),(a:0.0784:2.6),(a:0.0784:2.6),rv1_m1_resistive_m2_resistive
np_rm1_resistive,0.084,M1(j)
+:T,0.0033,0.0,25
+:t(0.0049,0.0,25),(a:0.0400:11.0),(a:0.0400:11.0),(a:0.0400:11.0),rca6_m1_resistive_nwell_diff
+:t(0.0049,0.0,25),(a:0.0400:11.0),(a:0.0400:11.0),(a:0.0400:11.0),rca6_m1_resistive_sub_diff_top
+:t(0.0049,0.0,25),(a:0.0400:11.0),(a:0.0400:11.0),(a:0.0400:11.0),rca4_m1_resistive_pc_model
+:t(0.0049,0.0,25),(a:0.0400:11.0),(a:0.0400:11.0),(a:0.0400:11.0),rca4_m1_resistive_pc_resistive
+:t(0.0049,0.0,25),(a:0.0400:11.0),(a:0.0400:11.0),(a:0.0400:11.0),rca4_m1_resistive_pfet_sd
+:t(0.0049,0.0,25),(a:0.0400:11.0),(a:0.0400:11.0),(a:0.0400:11.0),rca4_m1_resistive_nfet_sd
np_rpc_resistive(PC),8.0,PC(k_1_)
+:T,0.0032,0.0,25
+:t(0.0049,0.0,25),(a:0.0400:11.0),(a:0.0400:11.0),(a:0.0400:11.0),rca4_pc_model_pc_resistive
+:t(0.0049,0.0,25),(a:0.0400:11.0),(a:0.0400:11.0),(a:0.0400:11.0),rca4_pc_resistive_pfet_sd
+:t(0.0049,0.0,25),(a:0.0400:11.0),(a:0.0400:11.0),(a:0.0400:11.0),rca4_pc_resistive_nfet_sd
ENDCAT

#==========================================================#
# Process text layers
#==========================================================#

flatlabel -V  -tc -F PC_pin_text,M1_pin_text L1T0,L2T0

INFO (FLTLBL-89003): exec labsort -V L1T0

sort labels took  0.00 user, 0.00 sys, 0.00 elapsed, 24224.0 kbytes
INFO (FLTLBL-89003): exec labsort -V L2T0

sort labels took  0.00 user, 0.00 sys, 0.00 elapsed, 24224.0 kbytes
flatlabel took 0.00 user, 0.00 sys, 0.00 elapsed, 25896.0 kbytes
#==========================================================#
# Generate layer map file for resistance extraction
#==========================================================#

cat <<ENDCAT> p2elayermapfile
M3 p_rm3_resistive,np_rm3_resistive
M2 p_rm2_resistive,np_rm2_resistive
M1 p_rm1_resistive,np_rm1_resistive
PC p_rpc_model,p_rpc_resistive,np_rpc_model,np_rpc_resistive
ENDCAT
/bin/mv -f np_rnw.conn_orig np_rnw
/bin/mv -f np_rsub50.conn_orig np_rsub50

#==========================================================#
# Parasitic R extraction with default precision
#==========================================================#

rex -V -m -pd -I'#' -l slab -tech \
	/opt/local/cadence/design_kits/IBM/IBM_CMOS/IBM_PDK/cmrf7sf/V2.0.1.0AM/Assura/QRC/7LM \
	-medge np_rnw,np_rsub50 -map p2elayermapfile -wee p2elayermapfile -N \
	NET -rP res.mod np_rpc_resistive::pc_resistive_cut::-0.015 \
	np_rm1_resistive::M1_cut::s,w:0.2,0.24,0.003:0.2,0.499,0.003:0.2,0.5,0.0051:0.2,0.999,0.0051:0.2,1,0.0072:0.2,1.68,0.0072:0.2,35,-5.8238 \
	np_rm2_resistive::M2_cut::s,w:0.28,0.28,-0.0158 \
	np_rm3_resistive::M3_cut::s,w:0.28,0.28,-0.0158 - \
	rpc_resistive_pc_model_ovia,1 \
	rpc_resistive_pc_resistive_pc_model_butt_ovia,1 \
	rGateCon_Gate_pc_resistive,1 rGateCon_pc_model_pc_resistive,1 \
	rca6_m1_resistive_nwell_diff,2,t rca6_m1_resistive_sub_diff_top,2,t \
	rca4_m1_resistive_pc_model,2,t rca4_m1_resistive_pc_resistive,1,2,t \
	rca4_m1_resistive_pfet_sd,2,t rca4_m1_resistive_nfet_sd,2,t \
	rca4_pc_model_pc_resistive,1,t rca4_pc_resistive_pfet_sd,1,t \
	rca4_pc_resistive_nfet_sd,1,t rv1_m1_resistive_m2_resistive,2,3,t \
	rv2_m2_resistive_m3_resistive,3,4,t - L1T0,1,I L2T0,2,I
WARNING (REX-163264): making process bias table for np_rm2_resistive to constant bias -0.015800

WARNING (REX-163264): making process bias table for np_rm3_resistive to constant bias -0.015800

INFO (REX-163529): Body np_rm3_resistive has 2 regions with less than 2 vias

rex took  0.05 user, 0.09 sys, 0.00 elapsed, 44696.0 kbytes
/bin/cp -f np_rnw np_rnw.conn
/bin/cp -f np_rsub50 np_rsub50.conn

#==========================================================#
# Reconnect MOSFET devices
#==========================================================#

reconnect -V -n NET -xdspf -I'#' -se2 mwires.res -t \
	nfet_dev_Device_20.trans:nfet_dev_Device_20.transr nfet_dev_Device_20 \
	np_rnfet_sd,np_rpc_model,np_rsubstrate -t \
	pfet_dev_Device_41.trans:pfet_dev_Device_41.transr pfet_dev_Device_41 \
	np_rpfet_sd,np_rpc_model,np_rnw
reconnect took 0.01 user, 0.02 sys, 0.00 elapsed, 26216.0 kbytes
changeTransFileNameAP nfet_dev_Device_20.trans nfet_dev_Device_20.transr
changeTransFileNameAP pfet_dev_Device_41.trans pfet_dev_Device_41.transr

#==========================================================#
# Reconnect DIODE devices
#==========================================================#

createLink np_rnw nwdiode_dev1_Device_334_nw_dvia
createLink np_rsubstrate nwdiode_dev1_Device_334_substrate_dvia
reconnect -V -xdspf -I'#' -se2 dwires.res -n NET -c \
	nwdiode_dev1_Device_334.dpax:nwdiode_dev1_Device_334.dpaxr \
	nwdiode_dev1_Device_334 \
	nwdiode_dev1_Device_334_nw_dvia,nwdiode_dev1_Device_334_substrate_dvia

reconnect took 0.00 user, 0.00 sys, 0.00 elapsed, 26304.0 kbytes
#==========================================================#
# Reconnect GENERIC devices
#==========================================================#

createLink np_rsub_diff_top sub_dev_Device_206_sub_diff_top_gdvia
createLink np_rsubstrate sub_dev_Device_206_substrate_gdvia
reconnect -V -xdspf -I'#' -se2 bwires.res -n NET -b BOX:BOXr \
	sub_dev_Device_206 \
	sub_dev_Device_206_sub_diff_top_gdvia,sub_dev_Device_206_substrate_gdvia

reconnect took 0.00 user, 0.00 sys, 0.00 elapsed, 26384.0 kbytes
#==========================================================#
# Form capacitance layers for resistive process layers
#==========================================================#

geom -V -i p_rpc_model,p_rpc_resistive,np_rpc_model,np_rpc_resistive - so_PC,1,n
geom took  0.00 user, 0.00 sys, 0.00 elapsed, 26192.0 kbytes
geom -V -i p_rpc_model,p_rpc_resistive,np_rpc_model,np_rpc_resistive - PC,1,n
geom took  0.00 user, 0.00 sys, 0.00 elapsed, 26192.0 kbytes
geom -V pc_resistive_cut - PC_cut,1
geom took  0.00 user, 0.00 sys, 0.00 elapsed, 26176.0 kbytes
geom -V -i p_rm1_resistive,np_rm1_resistive - so_M1,1,n
geom took  0.00 user, 0.00 sys, 0.00 elapsed, 26184.0 kbytes
geom -V p_rm1_resistive,np_rm1_resistive - M1,1,i,1
geom took  0.00 user, 0.00 sys, 0.00 elapsed, 26184.0 kbytes
geom -V -i p_rm2_resistive,np_rm2_resistive - so_M2,1,n
geom took  0.00 user, 0.00 sys, 0.00 elapsed, 26184.0 kbytes
geom -V p_rm2_resistive,np_rm2_resistive - M2,1,i,1
geom took  0.00 user, 0.00 sys, 0.00 elapsed, 26184.0 kbytes
geom -V -i p_rm3_resistive,np_rm3_resistive - so_M3,1,n
geom took  0.00 user, 0.00 sys, 0.00 elapsed, 26184.0 kbytes
geom -V p_rm3_resistive,np_rm3_resistive - M3,1,i,1

geom took  0.00 user, 0.00 sys, 0.00 elapsed, 26184.0 kbytes
#==========================================================#
# Form capacitance layers for non-resistive process layers
#==========================================================#

emerge -V p_rnfet_sd np_rnfet_sd nfet_sd
emerge took  0.00 user, 0.00 sys, 0.00 elapsed, 25784.0 kbytes
emerge -V p_rpfet_sd np_rpfet_sd pfet_sd
emerge took  0.00 user, 0.00 sys, 0.00 elapsed, 25784.0 kbytes
grow -V .001 nfet_sd mask
grow took  0.00 user, 0.00 sys, 0.00 elapsed, 26168.0 kbytes
geom -V pfet_sd mask - pfet_sd,10,i,1
geom took  0.00 user, 0.00 sys, 0.00 elapsed, 26184.0 kbytes
geom -V nfet_sd,pfet_sd - RX,1,i,1
geom took  0.00 user, 0.00 sys, 0.00 elapsed, 26184.0 kbytes
createEmptyLayer AM
createEmptyLayer HT
createEmptyLayer QT
createEmptyLayer MT
createEmptyLayer M5
createEmptyLayer M4
createEmptyLayer K1

#==========================================================#
# Form substrate
#==========================================================#

geom -V p_rnw,np_rnw - nw,1,i,1
geom took  0.00 user, 0.00 sys, 0.00 elapsed, 26184.0 kbytes
geom -V p_rsub50,np_rsub50 - sub50,1,i,1
geom took  0.00 user, 0.00 sys, 0.00 elapsed, 26184.0 kbytes
xytoebbox -V -g 56.002 -e AM,HT,QT,MT,M5,M4,M3,M2,K1,M1,PC,RX,nw,sub50 xg_sub50
xytoebbox took  0.00 user, 0.00 sys, 0.00 elapsed, 24840.0 kbytes
grow -V 0.001 sub50 g_sub50
grow took  0.00 user, 0.00 sys, 0.00 elapsed, 26168.0 kbytes
geom -V xg_sub50 g_sub50 - tmp_sub50,10
geom took  0.00 user, 0.00 sys, 0.00 elapsed, 26184.0 kbytes
epick -V -reo -D ${CAP_GROUND} tmp_sub50 pick_sub50
epick took  0.00 user, 0.00 sys, 0.00 elapsed, 25944.0 kbytes
grow -V -m 0.002 sub50 g_sub50
grow took  0.00 user, 0.00 sys, 0.00 elapsed, 26168.0 kbytes
geom took  0.00 user, 0.00 sys, 0.00 elapsed, 26176.0 kbytes
stamp -i g_sub50 pick_sub50
emerge -V pick_sub50 sub50 tmp1_sub50
emerge took  0.00 user, 0.00 sys, 0.00 elapsed, 25784.0 kbytes
geom -V tmp1_sub50 - sub50,1,i,1
geom took  0.00 user, 0.00 sys, 0.00 elapsed, 26176.0 kbytes
/bin/rm -f g_sub50 xg_sub50 tmp_sub50 tmp1_sub50 pick_sub50
grow -V 0.001 nw g_nw
grow took  0.00 user, 0.00 sys, 0.00 elapsed, 26168.0 kbytes
geom -V sub50 g_nw - sub50,10,i,1
geom took  0.00 user, 0.00 sys, 0.00 elapsed, 26184.0 kbytes
geom -V nw,sub50 - sti,1,i,1
geom took  0.00 user, 0.00 sys, 0.00 elapsed, 26184.0 kbytes
geom -V sti RX - sti,10,i,1
geom took  0.00 user, 0.00 sys, 0.00 elapsed, 26184.0 kbytes
geom nfet_dev_Device_20,pfet_dev_Device_41 - qrcgate,1,i,1

#==========================================================#
# Prepare blocking layers
#==========================================================#

netprint -max NET > maxnetfile
grow -V -0.001 fet_pc_model g_dev
geom took  0.00 user, 0.00 sys, 0.00 elapsed, 26176.0 kbytes
merge input file took 0.00 user, 0.00 sys, 1.00 elapsed, 26168.0 kbytes
grow took  0.00 user, 0.00 sys, 0.00 elapsed, 26216.0 kbytes
sort edges took  0.00 user, 0.00 sys, 0.00 elapsed, 24312.0 kbytes
geom fet_pc_model g_dev sti - sti_in,111,i,3 sti_out,001,i,3 sti_new_cut,101
/bin/rm -f g_dev
/bin/mv -f sti_new_cut sti_cut
grow -V -0.001 fet_pc_model g_dev
geom took  0.00 user, 0.00 sys, 0.00 elapsed, 26176.0 kbytes
merge input file took 0.00 user, 0.00 sys, 0.00 elapsed, 26168.0 kbytes
grow took  0.00 user, 0.00 sys, 0.00 elapsed, 26216.0 kbytes
sort edges took  0.00 user, 0.00 sys, 0.00 elapsed, 24312.0 kbytes
geom fet_pc_model g_dev PC - PC_in,111,i,3 PC_out,001,i,3 PC_new_cut,101
/bin/rm -f g_dev
emerge PC_cut PC_new_cut tmp_cut
/bin/mv -f tmp_cut PC_cut
relocate -V -n NET sti_in PC_in
relocate took 0.00 user, 0.00 sys, 0.00 elapsed, 25716.0 kbytes
emerge sti_in sti_out sti
emerge PC_in PC_out PC

#==========================================================#
# Create sip/sw3d/cn3d capacitance data files
#==========================================================#

cat <<ENDCAT> sip.cmd
sip -V -cgnd ${CAP_GROUND} -s -o -sub 2 -mlc PC,M1 -n 3.87 -i 0,3.871 -b \
	M1,PC,RX,sti -t M2,M3,M4,M5,MT,QT,HT,AM -j 5 -Maxw 11.61 -p K1,key \
	0,3.87 - K1.sip
sip -V -cgnd ${CAP_GROUND} -s -o -sub 2 -mlc M2,M3 -n 2.8 -i 0,2.801 -b \
	M3,M2,K1,M1,PC,RX,sti -t M5,MT,QT,HT,AM -j 0.28 -Maxw 4.2 -p M4,key \
	0,2.8 - M4.sip
sip -V -cgnd ${CAP_GROUND} -s -o -sub 2 -mlc M3,M4 -n 4.2 -i 0,4.201 -b \
	M4,M3,M2,K1,M1,PC,RX,sti -t MT,QT,HT,AM -j 0.28 -Maxw 4.2 -p M5,key \
	0,4.2 - M5.sip
sip -V -cgnd ${CAP_GROUND} -s -o -sub 2 -mlc M4,M5 -n 4.2 -i 0,4.201 -b \
	M5,M4,M3,M2,K1,M1,PC,RX,sti -t QT,HT,AM -j 0.28 -Maxw 4.2 -p MT,key \
	0,4.2 - MT.sip
sip -V -cgnd ${CAP_GROUND} -s -o -sub 2 -mlc M5,MT -n 19.506 -i 0,19.507 -b \
	MT,M5,M4,M3,M2,K1,M1,PC,RX,sti -t HT,AM -j 4 -Maxw 58.518 -p QT,key \
	0,19.506 - QT.sip
sip -V -cgnd ${CAP_GROUND} -s -o -sub 2 -mlc M5,MT,QT -n 20.592 -i 0,20.593 \
	-b QT,MT,M5,M4,M3,M2,K1,M1,PC,RX,sti -t AM -j 4 -Maxw 60 -p HT,key \
	0,20.592 - HT.sip
sip -V -cgnd ${CAP_GROUND} -s -o -sub 2 -mlc M5,MT,QT,HT -n 28 -i 0,28.001 -b \
	HT,QT,MT,M5,M4,M3,M2,K1,M1,PC,RX,sti -j 2 -Maxw 30 -p AM,key 0,28 - \
	AM.sip
sip -V -cgnd ${CAP_GROUND} -s -o -sub 2 -cp PC,allGate,RX -n 2.4 -i 0,2.401 \
	-b RX,sti -t M1,K1,M2,M3,M4,M5,MT,QT,HT,AM -j 0.18 -Maxw 2.7 -p \
	PC,key 0,2.4 - PC.sip
sip -V -cgnd ${CAP_GROUND} -s -o -sub 2 -mlc PC -n 2 -i 0,2.001 -b PC,RX,sti \
	-t K1,M2,M3,M4,M5,MT,QT,HT,AM -j 0.24 -Maxw 3.6 -p M1,key 0,2 - \
	M1.sip
sip -V -cgnd ${CAP_GROUND} -s -o -sub 2 -mlc M1,K1 -n 2.8 -i 0,2.801 -b \
	K1,M1,PC,RX,sti -t M3,M4,M5,MT,QT,HT,AM -j 0.28 -Maxw 4.2 -p M2,key \
	0,2.8 - M2.sip
sip -V -cgnd ${CAP_GROUND} -s -o -sub 2 -mlc K1,M2 -n 2.8 -i 0,2.801 -b \
	M2,K1,M1,PC,RX,sti -t M4,M5,MT,QT,HT,AM -j 0.28 -Maxw 4.2 -p M3,key \
	0,2.8 - M3.sip
sip -V -s -cgnd ${CAP_GROUND} -sub 2 -L3A -h -b \
	QT,MT,M5,M4,M3,M2,K1,M1,PC,RX,sti -Maxw 60 -p HT,key,AM,key 0,28,0 - \
	HT_AM.sip
sip -V -s -cgnd ${CAP_GROUND} -sub 2 -L3A -h -b \
	MT,M5,M4,M3,M2,K1,M1,PC,RX,sti -Maxw 58.518 -p QT,key,AM,key 0,28,0 - \
	QT_AM.sip
sip -V -s -cgnd ${CAP_GROUND} -sub 2 -h -b MT,M5,M4,M3,M2,K1,M1,PC,RX,sti -t \
	AM -Maxw 60 -p QT,key,HT,key 0,20.592,0 - QT_HT.sip
sip -V -s -cgnd ${CAP_GROUND} -sub 2 -L3A -h -b M5,M4,M3,M2,K1,M1,PC,RX,sti \
	-k QT:0,HT:0 -Maxw 30 -p MT,key,AM,key 0,28,0 - MT_AM.sip
sip -V -s -cgnd ${CAP_GROUND} -sub 2 -h -b M5,M4,M3,M2,K1,M1,PC,RX,sti -t AM \
	-Maxw 60 -p MT,key,HT,key 0,20.592,0 - MT_HT.sip
sip -V -s -cgnd ${CAP_GROUND} -sub 2 -h -b M5,M4,M3,M2,K1,M1,PC,RX,sti -t \
	HT,AM -Maxw 58.518 -p MT,key,QT,key 0,19.506,0 - MT_QT.sip
sip -V -s -cgnd ${CAP_GROUND} -sub 2 -L3A -h -R AM -b \
	M4,M3,M2,K1,M1,PC,RX,sti -k MT:0,QT:0,HT:0 -Maxw 30 -p M5,key,AM,key \
	0,28,0 - M5_AM.sip
sip -V -s -cgnd ${CAP_GROUND} -sub 2 -h -R HT -b M4,M3,M2,K1,M1,PC,RX,sti -t \
	AM -k MT:0,QT:0 -Maxw 60 -p M5,key,HT,key 0,20.592,0 - M5_HT.sip
sip -V -s -cgnd ${CAP_GROUND} -sub 2 -h -R QT -b M4,M3,M2,K1,M1,PC,RX,sti -t \
	HT,AM -Maxw 58.518 -p M5,key,QT,key 0,19.506,0 - M5_QT.sip
sip -V -s -cgnd ${CAP_GROUND} -sub 2 -h -b M4,M3,M2,K1,M1,PC,RX,sti -t \
	QT,HT,AM -Maxw 4.2 -p M5,key,MT,key 0,4.2,0 - M5_MT.sip
sip -V -s -cgnd ${CAP_GROUND} -sub 2 -L3A -h -R MT -b M3,M2,K1,M1,PC,RX,sti \
	-t QT,HT,AM -Maxw 4.2 -p M4,key,MT,key 0,4.2,0 - M4_MT.sip
sip -V -s -cgnd ${CAP_GROUND} -sub 2 -h -b M3,M2,K1,M1,PC,RX,sti -t \
	MT,QT,HT,AM -Maxw 4.2 -p M4,key,M5,key 0,4.2,0 - M4_M5.sip
sip -V -s -cgnd ${CAP_GROUND} -sub 2 -L3A -h -R M5 -b M2,K1,M1,PC,RX,sti -t \
	MT,QT,HT,AM -Maxw 4.2 -p M3:M3_cut,key,M5,key 0,4.2,0 - M3_M5.sip
sip -V -s -cgnd ${CAP_GROUND} -sub 2 -h -b M2,K1,M1,PC,RX,sti -t \
	M5,MT,QT,HT,AM -Maxw 4.2 -p M3:M3_cut,key,M4,key 0,2.8,0 - M3_M4.sip
sip -V -s -cgnd ${CAP_GROUND} -sub 2 -L3A -h -R M4 -b K1,M1,PC,RX,sti -t \
	M5,MT,QT,HT,AM -k M3:0.48 -Maxw 4.2 -p M2:M2_cut,key,M4,key 0,2.8,0 - \
	M2_M4.sip
sip -V -s -cgnd ${CAP_GROUND} -sub 2 -h -b K1,M1,PC,RX,sti -t \
	M4,M5,MT,QT,HT,AM -Maxw 4.2 -p M2:M2_cut,key,M3:M3_cut,key 0,2.8,0 - \
	M2_M3.sip
sip -V -s -cgnd ${CAP_GROUND} -sub 2 -L3A -h -R M3 -b M1,PC,RX,sti -t \
	M4,M5,MT,QT,HT,AM -k M2:0.48 -Maxw 11.61 -p K1,key,M3:M3_cut,key \
	0,3.87,0 - K1_M3.sip
sip -V -s -cgnd ${CAP_GROUND} -sub 2 -h -b M1,PC,RX,sti -t \
	M3,M4,M5,MT,QT,HT,AM -Maxw 11.61 -p K1,key,M2:M2_cut,key 0,3.87,0 - \
	K1_M2.sip
sip -V -s -cgnd ${CAP_GROUND} -sub 2 -L3A -h -R M2 -b PC,RX,sti -t \
	M3,M4,M5,MT,QT,HT,AM -Maxw 4.2 -p M1:M1_cut,key,M2:M2_cut,key 0,2.8,0 \
	- M1_M2.sip
sip -V -s -cgnd ${CAP_GROUND} -sub 2 -h -b PC,RX,sti -t \
	M2,M3,M4,M5,MT,QT,HT,AM -Maxw 11.61 -p M1:M1_cut,key,K1,key 0,3.87,0 \
	- M1_K1.sip
sip -V -s -cgnd ${CAP_GROUND} -sub 2 -L3A -h -R K1 -b RX,sti -t \
	M2,M3,M4,M5,MT,QT,HT,AM -k M1:0.33 -Maxw 11.61 -p \
	PC:PC_cut,key,K1,key 0,3.87,0 - PC_K1.sip
sip -V -s -cgnd ${CAP_GROUND} -sub 2 -h -R M1,PC -b RX,sti -t \
	K1,M2,M3,M4,M5,MT,QT,HT,AM -Maxw 3.6 -p PC:PC_cut,key,M1:M1_cut,key \
	0,2.4,0 - PC_M1.sip
sw3d -V -cgnd ${CAP_GROUND} -sub 2 -b QT,MT,M5,M4,M3,M2,K1,M1,PC,RX,sti -p \
	HT,AM - HT_AM.sw3d
sw3d -V -cgnd ${CAP_GROUND} -sub 2 -b MT,M5,M4,M3,M2,K1,M1,PC,RX,sti -t AM -p \
	QT,HT - QT_HT.sw3d
sw3d -V -cgnd ${CAP_GROUND} -sub 2 -b M5,M4,M3,M2,K1,M1,PC,RX,sti -t HT,AM -p \
	MT,QT - MT_QT.sw3d
sw3d -V -cgnd ${CAP_GROUND} -sub 2 -b M4,M3,M2,K1,M1,PC,RX,sti -t QT,HT,AM -p \
	M5,MT - M5_MT.sw3d
sw3d -V -cgnd ${CAP_GROUND} -sub 2 -b M3,M2,K1,M1,PC,RX,sti -t MT,QT,HT,AM -p \
	M4,M5 - M4_M5.sw3d
sw3d -V -cgnd ${CAP_GROUND} -sub 2 -b M2,K1,M1,PC,RX,sti -t M5,MT,QT,HT,AM -p \
	M3:M3_cut,M4 - M3_M4.sw3d
sw3d -V -cgnd ${CAP_GROUND} -sub 2 -b K1,M1,PC,RX,sti -t M4,M5,MT,QT,HT,AM -p \
	M2:M2_cut,M3:M3_cut - M2_M3.sw3d
sw3d -V -cgnd ${CAP_GROUND} -sub 2 -b M1,PC,RX,sti -t M3,M4,M5,MT,QT,HT,AM -p \
	K1,M2:M2_cut - K1_M2.sw3d
sw3d -V -cgnd ${CAP_GROUND} -sub 2 -b PC,RX,sti -t M2,M3,M4,M5,MT,QT,HT,AM -p \
	M1:M1_cut,K1 - M1_K1.sw3d
sw3d -V -cgnd ${CAP_GROUND} -sub 2 -b RX,sti -t K1,M2,M3,M4,M5,MT,QT,HT,AM -p \
	PC:PC_cut,M1:M1_cut - PC_M1.sw3d
ENDCAT

#==========================================================#
# Prepare gate capacitance blocking layers
#==========================================================#

emerge -V nfet_dev_Device_20 pfet_dev_Device_41 allGate

emerge took  0.00 user, 0.00 sys, 0.00 elapsed, 25784.0 kbytes
#==========================================================#
# Run pax16 to generate capfile
#==========================================================#

pax16 -V -ignore_cf_table -scf sip.cmd -filterfile maxnetfile -cgnd \
	${CAP_GROUND},1.0 -rP \
	np_rpc_resistive.res,np_rm1_resistive.res,np_rm2_resistive.res,np_rm3_resistive.res,mwires.res,dwires.res,bwires.res \
	-M_perim_off -c \
	/opt/local/cadence/design_kits/IBM/IBM_CMOS/IBM_PDK/cmrf7sf/V2.0.1.0AM/Assura/QRC/7LM/qrcTechFile \
	-f sti:sti_cut RX PC:PC_cut M1:M1_cut K1 M2:M2_cut M3:M3_cut M4 M5 MT \
	QT HT AM allGate - \
	/opt/local/cadence/design_kits/IBM/IBM_CMOS/IBM_PDK/cmrf7sf/V2.0.1.0AM/Assura/QRC/7LM/qrcTechFile \
	- - NET - tmp_capfile
rdpaxcmd took  0.21 user, 0.03 sys, 0.00 elapsed, 67264.0 kbytes
pax took  0.00 user, 0.00 sys, 0.00 elapsed, 67208.0 kbytes
INFO (PAXSXTN-142046): exec sip -NEWP -loading_effect -PAX16 -maxfilternet 68 -mlc_num 2 -V -cgnd 6 -s -o -sub 2 -mlc PC,M1 -n 3.87 -i 0,3.871 -b M1,PC,RX,sti -t M2,M3,M4,M5,MT,QT,HT,AM -j 5 -Maxw 11.61 -p K1,key 0,3.87 - K1.sip

INFO (PAXSXTN-142046): exec sip -NEWP -loading_effect -PAX16 -maxfilternet 68 -mlc_num 2 -V -cgnd 6 -s -o -sub 2 -mlc M2,M3 -n 2.8 -i 0,2.801 -b M3,M2,K1,M1,PC,RX,sti -t M5,MT,QT,HT,AM -j 0.28 -Maxw 4.2 -p M4,key 0,2.8 - M4.sip

INFO (PAXSXTN-142046): exec sip -NEWP -loading_effect -PAX16 -maxfilternet 68 -mlc_num 4 -V -cgnd 6 -s -o -sub 2 -mlc M3,M4 -n 4.2 -i 0,4.201 -b M4,M3,M2,K1,M1,PC,RX,sti -t MT,QT,HT,AM -j 0.28 -Maxw 4.2 -p M5,key 0,4.2 - M5.sip

INFO (PAXSXTN-142046): exec sip -NEWP -loading_effect -PAX16 -maxfilternet 68 -sw3dbit 1,3 -mlc_num 3 -V -cgnd 6 -s -o -sub 2 -mlc M4,M5 -n 4.2 -i 0,4.201 -b M5,M4,M3,M2,K1,M1,PC,RX,sti -t QT,HT,AM -j 0.28 -Maxw 4.2 -p MT,key 0,4.2 - MT.sip

INFO (PAXSXTN-142046): exec sip -NEWP -loading_effect -PAX16 -maxfilternet 68 -mlc_num 2 -V -cgnd 6 -s -o -sub 2 -mlc M5,MT -n 19.506 -i 0,19.507 -b MT,M5,M4,M3,M2,K1,M1,PC,RX,sti -t HT,AM -j 4 -Maxw 58.518 -p QT,key 0,19.506 - QT.sip

INFO (PAXSXTN-142046): exec sip -NEWP -loading_effect -PAX16 -maxfilternet 68 -mlc_num 1 -V -cgnd 6 -s -o -sub 2 -mlc M5,MT,QT -n 20.592 -i 0,20.593 -b QT,MT,M5,M4,M3,M2,K1,M1,PC,RX,sti -t AM -j 4 -Maxw 60 -p HT,key 0,20.592 - HT.sip

INFO (PAXSXTN-142046): exec sip -NEWP -loading_effect -PAX16 -maxfilternet 68 -sw3dbit 3,1 -mlc_num 0 -V -cgnd 6 -s -o -sub 2 -mlc M5,MT,QT,HT -n 28 -i 0,28.001 -b HT,QT,MT,M5,M4,M3,M2,K1,M1,PC,RX,sti -j 2 -Maxw 30 -p AM,key 0,28 - AM.sip

INFO (PAXSXTN-142046): exec sip -NEWP -loading_effect -PAX16 -maxfilternet 68 -mlc_num 2 -V -cgnd 6 -s -o -sub 2 -cp PC,allGate,RX -n 2.4 -i 0,2.401 -b RX,sti -t M1,K1,M2,M3,M4,M5,MT,QT,HT,AM -j 0.18 -Maxw 2.7 -p PC,key 0,2.4 - PC.sip

3d sip took  0.01 user, 0.03 sys, 0.00 elapsed, 67756.0 kbytes
INFO (PAXSXTN-142046): exec sip -NEWP -loading_effect -PAX16 -maxfilternet 68 -mlc_num 2 -V -cgnd 6 -s -o -sub 2 -mlc PC -n 2 -i 0,2.001 -b PC,RX,sti -t K1,M2,M3,M4,M5,MT,QT,HT,AM -j 0.24 -Maxw 3.6 -p M1,key 0,2 - M1.sip

3d sip took  0.03 user, 0.03 sys, 1.00 elapsed, 69220.0 kbytes
INFO (PAXSXTN-142046): exec sip -NEWP -loading_effect -PAX16 -maxfilternet 68 -mlc_num 2 -V -cgnd 6 -s -o -sub 2 -mlc M1,K1 -n 2.8 -i 0,2.801 -b K1,M1,PC,RX,sti -t M3,M4,M5,MT,QT,HT,AM -j 0.28 -Maxw 4.2 -p M2,key 0,2.8 - M2.sip

3d sip took  0.03 user, 0.02 sys, 0.00 elapsed, 69380.0 kbytes
INFO (PAXSXTN-142046): exec sip -NEWP -loading_effect -PAX16 -maxfilternet 68 -mlc_num 2 -V -cgnd 6 -s -o -sub 2 -mlc K1,M2 -n 2.8 -i 0,2.801 -b M2,K1,M1,PC,RX,sti -t M4,M5,MT,QT,HT,AM -j 0.28 -Maxw 4.2 -p M3,key 0,2.8 - M3.sip

3d sip took  0.01 user, 0.04 sys, 0.00 elapsed, 68592.0 kbytes
INFO (PAXSXTN-142046): exec sip -NEWP -loading_effect -PAX16 -maxfilternet 68 -V -s -cgnd 6 -sub 2 -L3A -h -b QT,MT,M5,M4,M3,M2,K1,M1,PC,RX,sti -Maxw 60 -p HT,key,AM,key 0,28,0 - HT_AM.sip

INFO (PAXSXTN-142046): exec sip -NEWP -loading_effect -PAX16 -maxfilternet 68 -V -s -cgnd 6 -sub 2 -L3A -h -b MT,M5,M4,M3,M2,K1,M1,PC,RX,sti -Maxw 58.518 -p QT,key,AM,key 0,28,0 - QT_AM.sip

INFO (PAXSXTN-142046): exec sip -NEWP -loading_effect -PAX16 -maxfilternet 68 -V -s -cgnd 6 -sub 2 -h -b MT,M5,M4,M3,M2,K1,M1,PC,RX,sti -t AM -Maxw 60 -p QT,key,HT,key 0,20.592,0 - QT_HT.sip

INFO (PAXSXTN-142046): exec sip -NEWP -loading_effect -PAX16 -maxfilternet 68 -V -s -cgnd 6 -sub 2 -L3A -h -b M5,M4,M3,M2,K1,M1,PC,RX,sti -k QT:0,HT:0 -Maxw 30 -p MT,key,AM,key 0,28,0 - MT_AM.sip

INFO (PAXSXTN-142046): exec sip -NEWP -loading_effect -PAX16 -maxfilternet 68 -V -s -cgnd 6 -sub 2 -h -b M5,M4,M3,M2,K1,M1,PC,RX,sti -t AM -Maxw 60 -p MT,key,HT,key 0,20.592,0 - MT_HT.sip

INFO (PAXSXTN-142046): exec sip -NEWP -loading_effect -PAX16 -maxfilternet 68 -V -s -cgnd 6 -sub 2 -h -b M5,M4,M3,M2,K1,M1,PC,RX,sti -t HT,AM -Maxw 58.518 -p MT,key,QT,key 0,19.506,0 - MT_QT.sip

INFO (PAXSXTN-142046): exec sip -NEWP -loading_effect -PAX16 -maxfilternet 68 -V -s -cgnd 6 -sub 2 -L3A -h -R AM -b M4,M3,M2,K1,M1,PC,RX,sti -k MT:0,QT:0,HT:0 -Maxw 30 -p M5,key,AM,key 0,28,0 - M5_AM.sip

INFO (PAXSXTN-142046): exec sip -NEWP -loading_effect -PAX16 -maxfilternet 68 -V -s -cgnd 6 -sub 2 -h -R HT -b M4,M3,M2,K1,M1,PC,RX,sti -t AM -k MT:0,QT:0 -Maxw 60 -p M5,key,HT,key 0,20.592,0 - M5_HT.sip

INFO (PAXSXTN-142046): exec sip -NEWP -loading_effect -PAX16 -maxfilternet 68 -V -s -cgnd 6 -sub 2 -h -R QT -b M4,M3,M2,K1,M1,PC,RX,sti -t HT,AM -Maxw 58.518 -p M5,key,QT,key 0,19.506,0 - M5_QT.sip

INFO (PAXSXTN-142046): exec sip -NEWP -loading_effect -PAX16 -maxfilternet 68 -V -s -cgnd 6 -sub 2 -h -b M4,M3,M2,K1,M1,PC,RX,sti -t QT,HT,AM -Maxw 4.2 -p M5,key,MT,key 0,4.2,0 - M5_MT.sip

INFO (PAXSXTN-142046): exec sip -NEWP -loading_effect -PAX16 -maxfilternet 68 -V -s -cgnd 6 -sub 2 -L3A -h -R MT -b M3,M2,K1,M1,PC,RX,sti -t QT,HT,AM -Maxw 4.2 -p M4,key,MT,key 0,4.2,0 - M4_MT.sip

INFO (PAXSXTN-142046): exec sip -NEWP -loading_effect -PAX16 -maxfilternet 68 -V -s -cgnd 6 -sub 2 -h -b M3,M2,K1,M1,PC,RX,sti -t MT,QT,HT,AM -Maxw 4.2 -p M4,key,M5,key 0,4.2,0 - M4_M5.sip

INFO (PAXSXTN-142046): exec sip -NEWP -loading_effect -PAX16 -maxfilternet 68 -V -s -cgnd 6 -sub 2 -L3A -h -R M5 -b M2,K1,M1,PC,RX,sti -t MT,QT,HT,AM -Maxw 4.2 -p M3:M3_cut,key,M5,key 0,4.2,0 - M3_M5.sip

INFO (PAXSXTN-142046): exec sip -NEWP -loading_effect -PAX16 -maxfilternet 68 -V -s -cgnd 6 -sub 2 -h -b M2,K1,M1,PC,RX,sti -t M5,MT,QT,HT,AM -Maxw 4.2 -p M3:M3_cut,key,M4,key 0,2.8,0 - M3_M4.sip

INFO (PAXSXTN-142046): exec sip -NEWP -loading_effect -PAX16 -maxfilternet 68 -V -s -cgnd 6 -sub 2 -L3A -h -R M4 -b K1,M1,PC,RX,sti -t M5,MT,QT,HT,AM -k M3:0.48 -Maxw 4.2 -p M2:M2_cut,key,M4,key 0,2.8,0 - M2_M4.sip

INFO (PAXSXTN-142046): exec sip -NEWP -loading_effect -PAX16 -maxfilternet 68 -V -s -cgnd 6 -sub 2 -h -b K1,M1,PC,RX,sti -t M4,M5,MT,QT,HT,AM -Maxw 4.2 -p M2:M2_cut,key,M3:M3_cut,key 0,2.8,0 - M2_M3.sip

3d sip took  0.00 user, 0.00 sys, 0.00 elapsed, 68908.0 kbytes
INFO (PAXSXTN-142046): exec sip -NEWP -loading_effect -PAX16 -maxfilternet 68 -V -s -cgnd 6 -sub 2 -L3A -h -R M3 -b M1,PC,RX,sti -t M4,M5,MT,QT,HT,AM -k M2:0.48 -Maxw 11.61 -p K1,key,M3:M3_cut,key 0,3.87,0 - K1_M3.sip

INFO (PAXSXTN-142046): exec sip -NEWP -loading_effect -PAX16 -maxfilternet 68 -V -s -cgnd 6 -sub 2 -h -b M1,PC,RX,sti -t M3,M4,M5,MT,QT,HT,AM -Maxw 11.61 -p K1,key,M2:M2_cut,key 0,3.87,0 - K1_M2.sip

INFO (PAXSXTN-142046): exec sip -NEWP -loading_effect -PAX16 -maxfilternet 68 -V -s -cgnd 6 -sub 2 -L3A -h -R M2 -b PC,RX,sti -t M3,M4,M5,MT,QT,HT,AM -Maxw 4.2 -p M1:M1_cut,key,M2:M2_cut,key 0,2.8,0 - M1_M2.sip

3d sip took  0.00 user, 0.00 sys, 0.00 elapsed, 68908.0 kbytes
INFO (PAXSXTN-142046): exec sip -NEWP -loading_effect -PAX16 -maxfilternet 68 -V -s -cgnd 6 -sub 2 -h -b PC,RX,sti -t M2,M3,M4,M5,MT,QT,HT,AM -Maxw 11.61 -p M1:M1_cut,key,K1,key 0,3.87,0 - M1_K1.sip

INFO (PAXSXTN-142046): exec sip -NEWP -loading_effect -PAX16 -maxfilternet 68 -V -s -cgnd 6 -sub 2 -L3A -h -R K1 -b RX,sti -t M2,M3,M4,M5,MT,QT,HT,AM -k M1:0.33 -Maxw 11.61 -p PC:PC_cut,key,K1,key 0,3.87,0 - PC_K1.sip

INFO (PAXSXTN-142046): exec sip -NEWP -loading_effect -PAX16 -maxfilternet 68 -V -s -cgnd 6 -sub 2 -h -R M1,PC -b RX,sti -t K1,M2,M3,M4,M5,MT,QT,HT,AM -Maxw 3.6 -p PC:PC_cut,key,M1:M1_cut,key 0,2.4,0 - PC_M1.sip

3d sip took  0.00 user, 0.00 sys, 0.00 elapsed, 68908.0 kbytes
INFO (PAXSXTN-142046): exec sw3d -NEWP -PAX16 -V -cgnd 6 -sub 2 -b QT,MT,M5,M4,M3,M2,K1,M1,PC,RX,sti -p HT,AM - HT_AM.sw3d

sw3d took 0.00 user, 0.00 sys, 0.00 elapsed, 68908.0 kbytes
INFO (PAXSXTN-142046): exec sw3d -NEWP -PAX16 -V -cgnd 6 -sub 2 -b MT,M5,M4,M3,M2,K1,M1,PC,RX,sti -t AM -p QT,HT - QT_HT.sw3d

sw3d took 0.00 user, 0.00 sys, 0.00 elapsed, 68908.0 kbytes
INFO (PAXSXTN-142046): exec sw3d -NEWP -PAX16 -V -cgnd 6 -sub 2 -b M5,M4,M3,M2,K1,M1,PC,RX,sti -t HT,AM -p MT,QT - MT_QT.sw3d

sw3d took 0.00 user, 0.00 sys, 0.00 elapsed, 68908.0 kbytes
INFO (PAXSXTN-142046): exec sw3d -NEWP -PAX16 -V -cgnd 6 -sub 2 -b M4,M3,M2,K1,M1,PC,RX,sti -t QT,HT,AM -p M5,MT - M5_MT.sw3d

sw3d took 0.00 user, 0.00 sys, 0.00 elapsed, 68908.0 kbytes
INFO (PAXSXTN-142046): exec sw3d -NEWP -PAX16 -V -cgnd 6 -sub 2 -b M3,M2,K1,M1,PC,RX,sti -t MT,QT,HT,AM -p M4,M5 - M4_M5.sw3d

sw3d took 0.00 user, 0.00 sys, 0.00 elapsed, 68908.0 kbytes
INFO (PAXSXTN-142046): exec sw3d -NEWP -PAX16 -V -cgnd 6 -sub 2 -b M2,K1,M1,PC,RX,sti -t M5,MT,QT,HT,AM -p M3:M3_cut,M4 - M3_M4.sw3d

sw3d took 0.00 user, 0.00 sys, 0.00 elapsed, 68908.0 kbytes
INFO (PAXSXTN-142046): exec sw3d -NEWP -PAX16 -V -cgnd 6 -sub 2 -b K1,M1,PC,RX,sti -t M4,M5,MT,QT,HT,AM -p M2:M2_cut,M3:M3_cut - M2_M3.sw3d

sw3d took 0.00 user, 0.00 sys, 0.00 elapsed, 68908.0 kbytes
INFO (PAXSXTN-142046): exec sw3d -NEWP -PAX16 -V -cgnd 6 -sub 2 -b M1,PC,RX,sti -t M3,M4,M5,MT,QT,HT,AM -p K1,M2:M2_cut - K1_M2.sw3d

sw3d took 0.00 user, 0.00 sys, 0.00 elapsed, 68908.0 kbytes
INFO (PAXSXTN-142046): exec sw3d -NEWP -PAX16 -V -cgnd 6 -sub 2 -b PC,RX,sti -t M2,M3,M4,M5,MT,QT,HT,AM -p M1:M1_cut,K1 - M1_K1.sw3d

sw3d took 0.00 user, 0.00 sys, 0.00 elapsed, 68908.0 kbytes
INFO (PAXSXTN-142046): exec sw3d -NEWP -PAX16 -V -cgnd 6 -sub 2 -b RX,sti -t K1,M2,M3,M4,M5,MT,QT,HT,AM -p PC:PC_cut,M1:M1_cut - PC_M1.sw3d

sw3d took 0.01 user, 0.00 sys, 0.00 elapsed, 68908.0 kbytes
INFO (PAXSXTN-142046): exec sw3d -NEWP -PAX16 -V -sub 2 -b M5,M4,M3,M2,K1,M1,PC,RX,sti -kill QT,HT -p MT,AM - MT_AM.sw3d

sw3d took 0.00 user, 0.00 sys, 0.00 elapsed, 68908.0 kbytes
INFO (PAXSXTN-221338): 130 capacitors are blocked, with a total value of 8.876E-17

pax16 took  0.01 user, 0.02 sys, 0.00 elapsed, 67496.0 kbytes
mergecap -c tmp_capfile capfile
/bin/rm -f tmp_capfile
relocate -V -r maxnetfile -n NET sti PC

relocate took 0.00 user, 0.00 sys, 0.00 elapsed, 25716.0 kbytes
#==========================================================#
# Generate netlister data files
#==========================================================#

cat <<ENDCAT> lvsmos.mod
xnfet,	100000.0, 0,	xnfet_av2,	unused, unused, 100000.0
nfet,	100000.0, 0,	nfet_av2,	unused, unused, 100000.0
xpfet,	100000.0, 0,	xpfet,	unused, unused, 100000.0
pfet,	100000.0, 0,	pfet,	unused, unused, 100000.0
ENDCAT
createDIODEModelFile lvsdio.mod1 diodenwx 1 nwdiode_dev1_Device_334 nw substrate 

#==========================================================#
# Perform RC reduction
#==========================================================#

xreduce -V -mergecap -n NET -xdspf -d1 -decoupled -danglingR -minR 0.001 -rP \
	np_rpc_resistive.res,np_rm1_resistive.res,np_rm2_resistive.res,np_rm3_resistive.res,mwires.res,dwires.res,bwires.res \
	-cap capfile slab L1T0 L2T0 nfet_dev_Device_20.transr \
	pfet_dev_Device_41.transr nwdiode_dev1_Device_334.dpaxr BOXr

INFO (XREDUCE-199094): -d1 is ignored when -xdspf option is set

INFO (XREDUCE-199107): Total number of resistors is 63

INFO (XREDUCE-199109): minR option removed 19 resistors (30%)

INFO (XREDUCE-199054): Total number of capacitors in capfile is 39

INFO (XREDUCE-199052): mergecap required for 38 (56%) of 68 nets

INFO (XREDUCE-199113): danglingR option removed 3 resistors

xreduce took 0.03 user, 0.12 sys, 1.00 elapsed, 30476.0 kbytes
#==========================================================#
# Generate X-DSPF netlist
#==========================================================#

dspfgen -V -n -np -hf caps2dversion -m -FN NET -o  HSPICE -nxref \
	/rcc4/homes/brown.4414/cadence/ECE5021/Final_Project_5020/lvs/lvs.gnx \
	-dxref \
	/rcc4/homes/brown.4414/cadence/ECE5021/Final_Project_5020/lvs/lvs.gdx \
	-xb BOXr -xbl BOXL -g ${CAP_GROUND},1.0 -c capfile -xrP res.mod \
	np_rpc_resistive.res np_rm1_resistive.res np_rm2_resistive.res \
	np_rm3_resistive.res -xrP mwires.mod mwires.res -xrP dwires.mod \
	dwires.res -xrP bwires.mod bwires.res -xta \
	lvsmos.mod,nfet_dev_Device_20.net nfet_dev_Device_20.transr -xta \
	lvsmos.mod,pfet_dev_Device_41.net pfet_dev_Device_41.transr -xdM \
	lvsdio.mod1,nwdiode_dev1_Device_334.net nwdiode_dev1_Device_334.dpaxr \
	-ls slab -li mport_lab,dport_lab,bport_lab -lp \
	L1T0,L2T0,SXCUT_TEXT_nr_labs,RX_pin_text_nr_labs,PC_pin_text_nr_labs \
	/rcc4/homes/brown.4414/cadence/ECE5021/rc_actual.dspf

sort caps took  0.00 user, 0.00 sys, 0.00 elapsed, 25704.0 kbytes
INFO (EXTDSPF-221741): dspf2db warning: No reference for dev "avD334_1"

INFO (EXTDSPF-221872): dspf2db warning: No reference for dev "DavD334_1" renamed "DavD334_1_unmatched"

INFO (EXTDSPF-221741): dspf2db warning: No reference for dev "avD334_1"

INFO (EXTDSPF-221872): dspf2db warning: No reference for dev "DavD334_1" renamed "DavD334_1_unmatched"

INFO (EXTDSPF-221741): dspf2db warning: No reference for dev "avD334_1"

INFO (EXTDSPF-221872): dspf2db warning: No reference for dev "DavD334_1" renamed "DavD334_1_unmatched"

INFO (EXTDSPF-221045): 

dspfgen took:  0.02 user, 0.07 sys, 0.00 elapsed, 37684.0 kbytes
INFO (LBRCXM-610): Extraction finished.

INFO (LBRCXM-582): Checking in license for Virtuoso_QRC_Extraction_XL 3.10

INFO (LBRCXM-702): Run ended: Tue Nov 22 15:56:35 2016


INFO (LBRCXM-708): *****  QRC terminated normally  *****


